{"C:\\Users\\abduk\\Documents\\ProProject\\Yessal\\manager-app-yessal\\src\\components\\ui\\aspect-ratio.tsx": {"path":"C:\\Users\\abduk\\Documents\\ProProject\\Yessal\\manager-app-yessal\\src\\components\\ui\\aspect-ratio.tsx","statementMap":{"0":{"start":{"line":1,"column":0},"end":{"line":1,"column":68}},"1":{"start":{"line":3,"column":20},"end":{"line":3,"column":45}},"2":{"start":{"line":5,"column":9},"end":{"line":5,"column":20}}},"fnMap":{},"branchMap":{},"s":{"0":0,"1":0,"2":0},"f":{},"b":{}}
,"C:\\Users\\abduk\\Documents\\ProProject\\Yessal\\manager-app-yessal\\src\\components\\ui\\collapsible.tsx": {"path":"C:\\Users\\abduk\\Documents\\ProProject\\Yessal\\manager-app-yessal\\src\\components\\ui\\collapsible.tsx","statementMap":{"0":{"start":{"line":1,"column":0},"end":{"line":1,"column":67}},"1":{"start":{"line":3,"column":20},"end":{"line":3,"column":45}},"2":{"start":{"line":9,"column":9},"end":{"line":9,"column":20}},"3":{"start":{"line":5,"column":27},"end":{"line":5,"column":66}},"4":{"start":{"line":9,"column":22},"end":{"line":9,"column":40}},"5":{"start":{"line":7,"column":27},"end":{"line":7,"column":66}},"6":{"start":{"line":9,"column":42},"end":{"line":9,"column":60}}},"fnMap":{},"branchMap":{},"s":{"0":0,"1":0,"2":0,"3":0,"4":0,"5":0,"6":0},"f":{},"b":{}}
,"C:\\Users\\abduk\\Documents\\ProProject\\Yessal\\manager-app-yessal\\src\\components\\ui\\use-toast.ts": {"path":"C:\\Users\\abduk\\Documents\\ProProject\\Yessal\\manager-app-yessal\\src\\components\\ui\\use-toast.ts","statementMap":{"0":{"start":{"line":1,"column":0},"end":{"line":1,"column":9}},"1":{"start":{"line":3,"column":9},"end":{"line":1,"column":19}},"2":{"start":{"line":3,"column":19},"end":{"line":1,"column":52}}},"fnMap":{"0":{"name":"(anonymous_0)","decl":{"start":{"line":3,"column":9},"end":{"line":3,"column":17}},"loc":{"start":{"line":3,"column":9},"end":{"line":1,"column":19}}},"1":{"name":"(anonymous_1)","decl":{"start":{"line":3,"column":19},"end":{"line":3,"column":24}},"loc":{"start":{"line":3,"column":19},"end":{"line":1,"column":52}}}},"branchMap":{},"s":{"0":0,"1":0,"2":0},"f":{"0":0,"1":0},"b":{}}
,"C:\\Users\\abduk\\Documents\\ProProject\\Yessal\\manager-app-yessal\\src\\hooks\\use-mobile.tsx": {"path":"C:\\Users\\abduk\\Documents\\ProProject\\Yessal\\manager-app-yessal\\src\\hooks\\use-mobile.tsx","statementMap":{"0":{"start":{"line":5,"column":0},"end":{"line":5,"column":16}},"1":{"start":{"line":1,"column":0},"end":{"line":1,"column":30}},"2":{"start":{"line":3,"column":26},"end":{"line":3,"column":29}},"3":{"start":{"line":6,"column":34},"end":{"line":6,"column":80}},"4":{"start":{"line":8,"column":2},"end":{"line":16,"column":null}},"5":{"start":{"line":9,"column":16},"end":{"line":9,"column":76}},"6":{"start":{"line":10,"column":21},"end":{"line":12,"column":5}},"7":{"start":{"line":11,"column":6},"end":{"line":11,"column":null}},"8":{"start":{"line":13,"column":4},"end":{"line":13,"column":null}},"9":{"start":{"line":14,"column":4},"end":{"line":14,"column":null}},"10":{"start":{"line":15,"column":4},"end":{"line":15,"column":null}},"11":{"start":{"line":15,"column":17},"end":{"line":15,"column":60}},"12":{"start":{"line":18,"column":2},"end":{"line":18,"column":null}}},"fnMap":{"0":{"name":"useIsMobile","decl":{"start":{"line":5,"column":16},"end":{"line":5,"column":27}},"loc":{"start":{"line":5,"column":27},"end":{"line":19,"column":1}}},"1":{"name":"(anonymous_1)","decl":{"start":{"line":8,"column":18},"end":{"line":8,"column":21}},"loc":{"start":{"line":8,"column":23},"end":{"line":16,"column":3}}},"2":{"name":"(anonymous_2)","decl":{"start":{"line":10,"column":21},"end":{"line":10,"column":24}},"loc":{"start":{"line":10,"column":26},"end":{"line":12,"column":5}}},"3":{"name":"(anonymous_3)","decl":{"start":{"line":15,"column":11},"end":{"line":15,"column":14}},"loc":{"start":{"line":15,"column":17},"end":{"line":15,"column":60}}}},"branchMap":{},"s":{"0":0,"1":0,"2":0,"3":0,"4":0,"5":0,"6":0,"7":0,"8":0,"9":0,"10":0,"11":0,"12":0},"f":{"0":0,"1":0,"2":0,"3":0},"b":{}}
,"C:\\Users\\abduk\\Documents\\ProProject\\Yessal\\manager-app-yessal\\src\\hooks\\useAuth.ts": {"path":"C:\\Users\\abduk\\Documents\\ProProject\\Yessal\\manager-app-yessal\\src\\hooks\\useAuth.ts","statementMap":{"0":{"start":{"line":1,"column":0},"end":{"line":1,"column":33}},"1":{"start":{"line":2,"column":0},"end":{"line":2,"column":64}},"2":{"start":{"line":13,"column":13},"end":{"line":32,"column":2}},"3":{"start":{"line":15,"column":14},"end":{"line":21,"column":6}},"4":{"start":{"line":19,"column":32},"end":{"line":19,"column":75}},"5":{"start":{"line":20,"column":23},"end":{"line":20,"column":79}},"6":{"start":{"line":24,"column":39},"end":{"line":24,"column":51}},"7":{"start":{"line":25,"column":30},"end":{"line":29,"column":8}}},"fnMap":{"0":{"name":"(anonymous_0)","decl":{"start":{"line":15,"column":4},"end":{"line":15,"column":5}},"loc":{"start":{"line":15,"column":14},"end":{"line":21,"column":6}}},"1":{"name":"(anonymous_1)","decl":{"start":{"line":19,"column":15},"end":{"line":19,"column":16}},"loc":{"start":{"line":19,"column":32},"end":{"line":19,"column":75}}},"2":{"name":"(anonymous_2)","decl":{"start":{"line":20,"column":17},"end":{"line":20,"column":20}},"loc":{"start":{"line":20,"column":23},"end":{"line":20,"column":79}}},"3":{"name":"(anonymous_3)","decl":{"start":{"line":24,"column":33},"end":{"line":24,"column":36}},"loc":{"start":{"line":24,"column":39},"end":{"line":24,"column":51}}},"4":{"name":"(anonymous_4)","decl":{"start":{"line":25,"column":18},"end":{"line":25,"column":19}},"loc":{"start":{"line":25,"column":30},"end":{"line":29,"column":8}}}},"branchMap":{},"s":{"0":0,"1":0,"2":0,"3":0,"4":0,"5":0,"6":0,"7":0},"f":{"0":0,"1":0,"2":0,"3":0,"4":0},"b":{}}
,"C:\\Users\\abduk\\Documents\\ProProject\\Yessal\\manager-app-yessal\\src\\hooks\\usePWA.ts": {"path":"C:\\Users\\abduk\\Documents\\ProProject\\Yessal\\manager-app-yessal\\src\\hooks\\usePWA.ts","statementMap":{"0":{"start":{"line":1,"column":0},"end":{"line":1,"column":44}},"1":{"start":{"line":12,"column":22},"end":{"line":151,"column":1}},"2":{"start":{"line":13,"column":34},"end":{"line":20,"column":4}},"3":{"start":{"line":22,"column":46},"end":{"line":22,"column":65}},"4":{"start":{"line":25,"column":31},"end":{"line":35,"column":3}},"5":{"start":{"line":26,"column":24},"end":{"line":26,"column":74}},"6":{"start":{"line":27,"column":4},"end":{"line":27,"column":35}},"7":{"start":{"line":27,"column":22},"end":{"line":27,"column":35}},"8":{"start":{"line":29,"column":16},"end":{"line":29,"column":36}},"9":{"start":{"line":30,"column":21},"end":{"line":30,"column":48}},"10":{"start":{"line":31,"column":22},"end":{"line":31,"column":49}},"11":{"start":{"line":34,"column":4},"end":{"line":34,"column":26}},"12":{"start":{"line":37,"column":2},"end":{"line":93,"column":9}},"13":{"start":{"line":39,"column":18},"end":{"line":39,"column":62}},"14":{"start":{"line":42,"column":25},"end":{"line":42,"column":80}},"15":{"start":{"line":43,"column":27},"end":{"line":43,"column":71}},"16":{"start":{"line":44,"column":24},"end":{"line":44,"column":53}},"17":{"start":{"line":46,"column":4},"end":{"line":46,"column":59}},"18":{"start":{"line":46,"column":24},"end":{"line":46,"column":57}},"19":{"start":{"line":49,"column":38},"end":{"line":61,"column":5}},"20":{"start":{"line":50,"column":6},"end":{"line":50,"column":25}},"21":{"start":{"line":51,"column":6},"end":{"line":51,"column":27}},"22":{"start":{"line":54,"column":6},"end":{"line":60,"column":7}},"23":{"start":{"line":55,"column":8},"end":{"line":59,"column":12}},"24":{"start":{"line":55,"column":28},"end":{"line":58,"column":null}},"25":{"start":{"line":64,"column":4},"end":{"line":73,"column":5}},"26":{"start":{"line":66,"column":6},"end":{"line":72,"column":15}},"27":{"start":{"line":67,"column":8},"end":{"line":71,"column":12}},"28":{"start":{"line":67,"column":28},"end":{"line":70,"column":null}},"29":{"start":{"line":76,"column":31},"end":{"line":84,"column":5}},"30":{"start":{"line":77,"column":6},"end":{"line":82,"column":10}},"31":{"start":{"line":77,"column":26},"end":{"line":81,"column":null}},"32":{"start":{"line":83,"column":6},"end":{"line":83,"column":30}},"33":{"start":{"line":86,"column":4},"end":{"line":86,"column":78}},"34":{"start":{"line":87,"column":4},"end":{"line":87,"column":64}},"35":{"start":{"line":89,"column":4},"end":{"line":92,"column":6}},"36":{"start":{"line":90,"column":6},"end":{"line":90,"column":83}},"37":{"start":{"line":91,"column":6},"end":{"line":91,"column":69}},"38":{"start":{"line":95,"column":21},"end":{"line":122,"column":4}},"39":{"start":{"line":95,"column":32},"end":{"line":122,"column":4}},"40":{"start":{"line":96,"column":4},"end":{"line":100,"column":5}},"41":{"start":{"line":98,"column":6},"end":{"line":98,"column":68}},"42":{"start":{"line":98,"column":26},"end":{"line":98,"column":66}},"43":{"start":{"line":99,"column":6},"end":{"line":99,"column":19}},"44":{"start":{"line":102,"column":4},"end":{"line":102,"column":38}},"45":{"start":{"line":102,"column":25},"end":{"line":102,"column":38}},"46":{"start":{"line":104,"column":4},"end":{"line":121,"column":5}},"47":{"start":{"line":105,"column":6},"end":{"line":105,"column":30}},"48":{"start":{"line":106,"column":26},"end":{"line":106,"column":57}},"49":{"start":{"line":108,"column":6},"end":{"line":114,"column":7}},"50":{"start":{"line":109,"column":8},"end":{"line":109,"column":56}},"51":{"start":{"line":110,"column":8},"end":{"line":110,"column":20}},"52":{"start":{"line":112,"column":8},"end":{"line":112,"column":57}},"53":{"start":{"line":113,"column":8},"end":{"line":113,"column":21}},"54":{"start":{"line":116,"column":6},"end":{"line":116,"column":57}},"55":{"start":{"line":117,"column":6},"end":{"line":117,"column":19}},"56":{"start":{"line":119,"column":6},"end":{"line":119,"column":30}},"57":{"start":{"line":120,"column":6},"end":{"line":120,"column":67}},"58":{"start":{"line":120,"column":26},"end":{"line":120,"column":65}},"59":{"start":{"line":124,"column":31},"end":{"line":134,"column":3}},"60":{"start":{"line":125,"column":4},"end":{"line":125,"column":65}},"61":{"start":{"line":125,"column":24},"end":{"line":125,"column":63}},"62":{"start":{"line":128,"column":24},"end":{"line":128,"column":44}},"63":{"start":{"line":129,"column":4},"end":{"line":129,"column":79}},"64":{"start":{"line":131,"column":4},"end":{"line":133,"column":5}},"65":{"start":{"line":132,"column":6},"end":{"line":132,"column":62}},"66":{"start":{"line":136,"column":33},"end":{"line":143,"column":3}},"67":{"start":{"line":137,"column":4},"end":{"line":137,"column":67}},"68":{"start":{"line":137,"column":24},"end":{"line":137,"column":65}},"69":{"start":{"line":138,"column":4},"end":{"line":138,"column":60}},"70":{"start":{"line":141,"column":24},"end":{"line":141,"column":44}},"71":{"start":{"line":142,"column":4},"end":{"line":142,"column":79}},"72":{"start":{"line":145,"column":2},"end":{"line":149,"column":null}},"73":{"start":{"line":12,"column":13},"end":{"line":12,"column":22}}},"fnMap":{"0":{"name":"(anonymous_7)","decl":{"start":{"line":12,"column":22},"end":{"line":12,"column":25}},"loc":{"start":{"line":12,"column":27},"end":{"line":151,"column":1}}},"1":{"name":"(anonymous_8)","decl":{"start":{"line":25,"column":31},"end":{"line":25,"column":34}},"loc":{"start":{"line":25,"column":36},"end":{"line":35,"column":3}}},"2":{"name":"(anonymous_9)","decl":{"start":{"line":37,"column":12},"end":{"line":37,"column":15}},"loc":{"start":{"line":37,"column":17},"end":{"line":93,"column":3}}},"3":{"name":"(anonymous_10)","decl":{"start":{"line":46,"column":16},"end":{"line":46,"column":20}},"loc":{"start":{"line":46,"column":24},"end":{"line":46,"column":57}}},"4":{"name":"(anonymous_11)","decl":{"start":{"line":49,"column":38},"end":{"line":49,"column":39}},"loc":{"start":{"line":49,"column":51},"end":{"line":61,"column":5}}},"5":{"name":"(anonymous_12)","decl":{"start":{"line":55,"column":20},"end":{"line":55,"column":24}},"loc":{"start":{"line":55,"column":28},"end":{"line":58,"column":null}}},"6":{"name":"(anonymous_13)","decl":{"start":{"line":66,"column":17},"end":{"line":66,"column":20}},"loc":{"start":{"line":66,"column":22},"end":{"line":72,"column":7}}},"7":{"name":"(anonymous_14)","decl":{"start":{"line":67,"column":20},"end":{"line":67,"column":24}},"loc":{"start":{"line":67,"column":28},"end":{"line":70,"column":null}}},"8":{"name":"(anonymous_15)","decl":{"start":{"line":76,"column":31},"end":{"line":76,"column":34}},"loc":{"start":{"line":76,"column":36},"end":{"line":84,"column":5}}},"9":{"name":"(anonymous_16)","decl":{"start":{"line":77,"column":18},"end":{"line":77,"column":22}},"loc":{"start":{"line":77,"column":26},"end":{"line":81,"column":null}}},"10":{"name":"(anonymous_17)","decl":{"start":{"line":89,"column":11},"end":{"line":89,"column":14}},"loc":{"start":{"line":89,"column":16},"end":{"line":92,"column":5}}},"11":{"name":"(anonymous_18)","decl":{"start":{"line":95,"column":21},"end":{"line":95,"column":30}},"loc":{"start":{"line":95,"column":32},"end":{"line":122,"column":4}}},"12":{"name":"(anonymous_19)","decl":{"start":{"line":95,"column":32},"end":{"line":95,"column":null}},"loc":{"start":{"line":95,"column":32},"end":{"line":122,"column":3}}},"13":{"name":"(anonymous_20)","decl":{"start":{"line":98,"column":18},"end":{"line":98,"column":22}},"loc":{"start":{"line":98,"column":26},"end":{"line":98,"column":66}}},"14":{"name":"(anonymous_21)","decl":{"start":{"line":120,"column":18},"end":{"line":120,"column":22}},"loc":{"start":{"line":120,"column":26},"end":{"line":120,"column":65}}},"15":{"name":"(anonymous_22)","decl":{"start":{"line":124,"column":31},"end":{"line":124,"column":34}},"loc":{"start":{"line":124,"column":36},"end":{"line":134,"column":3}}},"16":{"name":"(anonymous_23)","decl":{"start":{"line":125,"column":16},"end":{"line":125,"column":20}},"loc":{"start":{"line":125,"column":24},"end":{"line":125,"column":63}}},"17":{"name":"(anonymous_24)","decl":{"start":{"line":136,"column":33},"end":{"line":136,"column":36}},"loc":{"start":{"line":136,"column":38},"end":{"line":143,"column":3}}},"18":{"name":"(anonymous_25)","decl":{"start":{"line":137,"column":16},"end":{"line":137,"column":20}},"loc":{"start":{"line":137,"column":24},"end":{"line":137,"column":65}}}},"branchMap":{"0":{"loc":{"start":{"line":27,"column":4},"end":{"line":27,"column":35}},"type":"if","locations":[{"start":{"line":27,"column":4},"end":{"line":27,"column":35}}]},"1":{"loc":{"start":{"line":44,"column":24},"end":{"line":44,"column":53}},"type":"binary-expr","locations":[{"start":{"line":44,"column":24},"end":{"line":44,"column":36}},{"start":{"line":44,"column":40},"end":{"line":44,"column":53}}]},"2":{"loc":{"start":{"line":54,"column":6},"end":{"line":60,"column":7}},"type":"if","locations":[{"start":{"line":54,"column":6},"end":{"line":60,"column":7}}]},"3":{"loc":{"start":{"line":64,"column":4},"end":{"line":73,"column":5}},"type":"if","locations":[{"start":{"line":64,"column":4},"end":{"line":73,"column":5}}]},"4":{"loc":{"start":{"line":64,"column":8},"end":{"line":64,"column":108}},"type":"binary-expr","locations":[{"start":{"line":64,"column":8},"end":{"line":64,"column":13}},{"start":{"line":64,"column":17},"end":{"line":64,"column":29}},{"start":{"line":64,"column":33},"end":{"line":64,"column":81}},{"start":{"line":64,"column":85},"end":{"line":64,"column":108}}]},"5":{"loc":{"start":{"line":96,"column":4},"end":{"line":100,"column":5}},"type":"if","locations":[{"start":{"line":96,"column":4},"end":{"line":100,"column":5}}]},"6":{"loc":{"start":{"line":102,"column":4},"end":{"line":102,"column":38}},"type":"if","locations":[{"start":{"line":102,"column":4},"end":{"line":102,"column":38}}]},"7":{"loc":{"start":{"line":108,"column":6},"end":{"line":114,"column":7}},"type":"if","locations":[{"start":{"line":108,"column":6},"end":{"line":114,"column":7}},{"start":{"line":111,"column":13},"end":{"line":114,"column":7}}]},"8":{"loc":{"start":{"line":131,"column":4},"end":{"line":133,"column":5}},"type":"if","locations":[{"start":{"line":131,"column":4},"end":{"line":133,"column":5}}]}},"s":{"0":0,"1":0,"2":0,"3":0,"4":0,"5":0,"6":0,"7":0,"8":0,"9":0,"10":0,"11":0,"12":0,"13":0,"14":0,"15":0,"16":0,"17":0,"18":0,"19":0,"20":0,"21":0,"22":0,"23":0,"24":0,"25":0,"26":0,"27":0,"28":0,"29":0,"30":0,"31":0,"32":0,"33":0,"34":0,"35":0,"36":0,"37":0,"38":0,"39":0,"40":0,"41":0,"42":0,"43":0,"44":0,"45":0,"46":0,"47":0,"48":0,"49":0,"50":0,"51":0,"52":0,"53":0,"54":0,"55":0,"56":0,"57":0,"58":0,"59":0,"60":0,"61":0,"62":0,"63":0,"64":0,"65":0,"66":0,"67":0,"68":0,"69":0,"70":0,"71":0,"72":0,"73":0},"f":{"0":0,"1":0,"2":0,"3":0,"4":0,"5":0,"6":0,"7":0,"8":0,"9":0,"10":0,"11":0,"12":0,"13":0,"14":0,"15":0,"16":0,"17":0,"18":0},"b":{"0":[0],"1":[0,0],"2":[0],"3":[0],"4":[0,0,0,0],"5":[0],"6":[0],"7":[0,0],"8":[0]}}
,"C:\\Users\\abduk\\Documents\\ProProject\\Yessal\\manager-app-yessal\\src\\lib\\axios.ts": {"path":"C:\\Users\\abduk\\Documents\\ProProject\\Yessal\\manager-app-yessal\\src\\lib\\axios.ts","statementMap":{"0":{"start":{"line":1,"column":0},"end":{"line":1,"column":57}},"1":{"start":{"line":2,"column":0},"end":{"line":2,"column":39}},"2":{"start":{"line":5,"column":18},"end":{"line":7,"column":2}},"3":{"start":{"line":10,"column":0},"end":{"line":30,"column":2}},"4":{"start":{"line":14,"column":4},"end":{"line":24,"column":5}},"5":{"start":{"line":15,"column":19},"end":{"line":15,"column":55}},"6":{"start":{"line":16,"column":6},"end":{"line":21,"column":7}},"7":{"start":{"line":17,"column":26},"end":{"line":17,"column":42}},"8":{"start":{"line":18,"column":8},"end":{"line":20,"column":9}},"9":{"start":{"line":19,"column":10},"end":{"line":19,"column":65}},"10":{"start":{"line":23,"column":6},"end":{"line":23,"column":66}},"11":{"start":{"line":25,"column":4},"end":{"line":25,"column":18}},"12":{"start":{"line":28,"column":4},"end":{"line":28,"column":33}},"13":{"start":{"line":33,"column":0},"end":{"line":65,"column":2}},"14":{"start":{"line":35,"column":4},"end":{"line":35,"column":20}},"15":{"start":{"line":37,"column":30},"end":{"line":64,"column":null}},"16":{"start":{"line":39,"column":4},"end":{"line":61,"column":5}},"17":{"start":{"line":40,"column":6},"end":{"line":40,"column":62}},"18":{"start":{"line":43,"column":6},"end":{"line":43,"column":46}},"19":{"start":{"line":46,"column":6},"end":{"line":55,"column":7}},"20":{"start":{"line":48,"column":28},"end":{"line":48,"column":59}},"21":{"start":{"line":49,"column":26},"end":{"line":49,"column":44}},"22":{"start":{"line":50,"column":8},"end":{"line":50,"column":30}},"23":{"start":{"line":51,"column":8},"end":{"line":51,"column":44}},"24":{"start":{"line":54,"column":8},"end":{"line":54,"column":84}},"25":{"start":{"line":58,"column":6},"end":{"line":60,"column":7}},"26":{"start":{"line":59,"column":8},"end":{"line":59,"column":40}},"27":{"start":{"line":63,"column":4},"end":{"line":63,"column":33}},"28":{"start":{"line":67,"column":0},"end":{"line":67,"column":25}}},"fnMap":{"0":{"name":"(anonymous_7)","decl":{"start":{"line":11,"column":2},"end":{"line":11,"column":3}},"loc":{"start":{"line":11,"column":13},"end":{"line":26,"column":3}}},"1":{"name":"(anonymous_8)","decl":{"start":{"line":27,"column":2},"end":{"line":27,"column":3}},"loc":{"start":{"line":27,"column":12},"end":{"line":29,"column":3}}},"2":{"name":"(anonymous_9)","decl":{"start":{"line":34,"column":2},"end":{"line":34,"column":3}},"loc":{"start":{"line":34,"column":30},"end":{"line":36,"column":3}}},"3":{"name":"(anonymous_10)","decl":{"start":{"line":37,"column":2},"end":{"line":37,"column":9}},"loc":{"start":{"line":37,"column":30},"end":{"line":64,"column":null}}},"4":{"name":"(anonymous_11)","decl":{"start":{"line":37,"column":30},"end":{"line":37,"column":null}},"loc":{"start":{"line":37,"column":30},"end":{"line":64,"column":3}}},"5":{"name":"(anonymous_12)","decl":{"start":{"line":48,"column":28},"end":{"line":48,"column":41}},"loc":{"start":{"line":48,"column":28},"end":{"line":48,"column":59}}}},"branchMap":{"0":{"loc":{"start":{"line":16,"column":6},"end":{"line":21,"column":7}},"type":"if","locations":[{"start":{"line":16,"column":6},"end":{"line":21,"column":7}}]},"1":{"loc":{"start":{"line":18,"column":8},"end":{"line":20,"column":9}},"type":"if","locations":[{"start":{"line":18,"column":8},"end":{"line":20,"column":9}}]},"2":{"loc":{"start":{"line":39,"column":4},"end":{"line":61,"column":5}},"type":"if","locations":[{"start":{"line":39,"column":4},"end":{"line":61,"column":5}}]},"3":{"loc":{"start":{"line":39,"column":8},"end":{"line":39,"column":30}},"type":"cond-expr","locations":[{"start":{"line":39,"column":22},"end":{"line":39,"column":24}},{"start":{"line":39,"column":22},"end":{"line":39,"column":30}}]},"4":{"loc":{"start":{"line":39,"column":8},"end":{"line":39,"column":24}},"type":"binary-expr","locations":[{"start":{"line":39,"column":8},"end":{"line":39,"column":24}},{"start":{"line":39,"column":22},"end":{"line":39,"column":24}}]},"5":{"loc":{"start":{"line":58,"column":6},"end":{"line":60,"column":7}},"type":"if","locations":[{"start":{"line":58,"column":6},"end":{"line":60,"column":7}}]}},"s":{"0":6,"1":6,"2":6,"3":6,"4":0,"5":0,"6":0,"7":0,"8":0,"9":0,"10":0,"11":0,"12":0,"13":6,"14":0,"15":0,"16":0,"17":0,"18":0,"19":0,"20":0,"21":0,"22":0,"23":0,"24":0,"25":0,"26":0,"27":0,"28":6},"f":{"0":0,"1":0,"2":0,"3":0,"4":0,"5":0},"b":{"0":[0],"1":[0],"2":[0],"3":[0,0],"4":[0,0],"5":[0]}}
,"C:\\Users\\abduk\\Documents\\ProProject\\Yessal\\manager-app-yessal\\src\\lib\\test-auth.ts": {"path":"C:\\Users\\abduk\\Documents\\ProProject\\Yessal\\manager-app-yessal\\src\\lib\\test-auth.ts","statementMap":{"0":{"start":{"line":2,"column":0},"end":{"line":2,"column":32}},"1":{"start":{"line":4,"column":35},"end":{"line":15,"column":2}},"2":{"start":{"line":4,"column":46},"end":{"line":15,"column":2}},"3":{"start":{"line":5,"column":2},"end":{"line":14,"column":3}},"4":{"start":{"line":6,"column":4},"end":{"line":6,"column":50}},"5":{"start":{"line":8,"column":21},"end":{"line":8,"column":56}},"6":{"start":{"line":9,"column":4},"end":{"line":9,"column":51}},"7":{"start":{"line":10,"column":4},"end":{"line":10,"column":25}},"8":{"start":{"line":12,"column":4},"end":{"line":12,"column":43}},"9":{"start":{"line":13,"column":4},"end":{"line":13,"column":16}},"10":{"start":{"line":4,"column":13},"end":{"line":4,"column":35}}},"fnMap":{"0":{"name":"(anonymous_7)","decl":{"start":{"line":4,"column":35},"end":{"line":4,"column":44}},"loc":{"start":{"line":4,"column":46},"end":{"line":15,"column":2}}},"1":{"name":"(anonymous_8)","decl":{"start":{"line":4,"column":46},"end":{"line":4,"column":null}},"loc":{"start":{"line":4,"column":46},"end":{"line":15,"column":1}}}},"branchMap":{},"s":{"0":0,"1":0,"2":0,"3":0,"4":0,"5":0,"6":0,"7":0,"8":0,"9":0,"10":0},"f":{"0":0,"1":0},"b":{}}
,"C:\\Users\\abduk\\Documents\\ProProject\\Yessal\\manager-app-yessal\\src\\lib\\utils.ts": {"path":"C:\\Users\\abduk\\Documents\\ProProject\\Yessal\\manager-app-yessal\\src\\lib\\utils.ts","statementMap":{"0":{"start":{"line":4,"column":0},"end":{"line":4,"column":16}},"1":{"start":{"line":1,"column":0},"end":{"line":1,"column":44}},"2":{"start":{"line":2,"column":0},"end":{"line":2,"column":40}},"3":{"start":{"line":5,"column":2},"end":{"line":5,"column":null}}},"fnMap":{"0":{"name":"cn","decl":{"start":{"line":4,"column":16},"end":{"line":4,"column":18}},"loc":{"start":{"line":4,"column":42},"end":{"line":6,"column":1}}}},"branchMap":{},"s":{"0":0,"1":0,"2":0,"3":0},"f":{"0":0},"b":{}}
,"C:\\Users\\abduk\\Documents\\ProProject\\Yessal\\manager-app-yessal\\src\\pages\\Index.tsx": {"path":"C:\\Users\\abduk\\Documents\\ProProject\\Yessal\\manager-app-yessal\\src\\pages\\Index.tsx","statementMap":{"0":{"start":{"line":2,"column":0},"end":{"line":2,"column":34}},"1":{"start":{"line":3,"column":0},"end":{"line":3,"column":47}},"2":{"start":{"line":5,"column":14},"end":{"line":13,"column":1}},"3":{"start":{"line":6,"column":19},"end":{"line":6,"column":32}},"4":{"start":{"line":8,"column":2},"end":{"line":10,"column":17}},"5":{"start":{"line":9,"column":4},"end":{"line":9,"column":18}},"6":{"start":{"line":12,"column":2},"end":{"line":12,"column":14}},"7":{"start":{"line":15,"column":0},"end":{"line":15,"column":21}}},"fnMap":{"0":{"name":"(anonymous_0)","decl":{"start":{"line":5,"column":14},"end":{"line":5,"column":17}},"loc":{"start":{"line":5,"column":19},"end":{"line":13,"column":1}}},"1":{"name":"(anonymous_1)","decl":{"start":{"line":8,"column":12},"end":{"line":8,"column":15}},"loc":{"start":{"line":8,"column":17},"end":{"line":10,"column":3}}}},"branchMap":{},"s":{"0":0,"1":0,"2":0,"3":0,"4":0,"5":0,"6":0,"7":0},"f":{"0":0,"1":0},"b":{}}
,"C:\\Users\\abduk\\Documents\\ProProject\\Yessal\\manager-app-yessal\\src\\services\\auth.ts": {"path":"C:\\Users\\abduk\\Documents\\ProProject\\Yessal\\manager-app-yessal\\src\\services\\auth.ts","statementMap":{"0":{"start":{"line":1,"column":0},"end":{"line":1,"column":26}},"1":{"start":{"line":2,"column":0},"end":{"line":2,"column":36}},"2":{"start":{"line":4,"column":0},"end":{"line":4,"column":39}},"3":{"start":{"line":65,"column":4},"end":{"line":91,"column":5}},"4":{"start":{"line":66,"column":23},"end":{"line":70,"column":null}},"5":{"start":{"line":75,"column":6},"end":{"line":83,"column":7}},"6":{"start":{"line":76,"column":25},"end":{"line":76,"column":53}},"7":{"start":{"line":77,"column":8},"end":{"line":82,"column":9}},"8":{"start":{"line":78,"column":10},"end":{"line":81,"column":12}},"9":{"start":{"line":85,"column":6},"end":{"line":85,"column":27}},"10":{"start":{"line":87,"column":6},"end":{"line":89,"column":7}},"11":{"start":{"line":88,"column":8},"end":{"line":88,"column":35}},"12":{"start":{"line":90,"column":6},"end":{"line":90,"column":18}},"13":{"start":{"line":95,"column":4},"end":{"line":110,"column":5}},"14":{"start":{"line":101,"column":23},"end":{"line":101,"column":72}},"15":{"start":{"line":103,"column":6},"end":{"line":105,"column":7}},"16":{"start":{"line":104,"column":8},"end":{"line":104,"column":34}},"17":{"start":{"line":106,"column":6},"end":{"line":106,"column":16}},"18":{"start":{"line":108,"column":6},"end":{"line":108,"column":72}},"19":{"start":{"line":109,"column":6},"end":{"line":109,"column":16}},"20":{"start":{"line":117,"column":4},"end":{"line":132,"column":5}},"21":{"start":{"line":123,"column":23},"end":{"line":123,"column":95}},"22":{"start":{"line":125,"column":6},"end":{"line":127,"column":7}},"23":{"start":{"line":126,"column":8},"end":{"line":126,"column":34}},"24":{"start":{"line":128,"column":6},"end":{"line":128,"column":16}},"25":{"start":{"line":130,"column":6},"end":{"line":130,"column":86}},"26":{"start":{"line":131,"column":6},"end":{"line":131,"column":16}},"27":{"start":{"line":136,"column":4},"end":{"line":144,"column":5}},"28":{"start":{"line":137,"column":19},"end":{"line":137,"column":55}},"29":{"start":{"line":138,"column":6},"end":{"line":141,"column":7}},"30":{"start":{"line":139,"column":26},"end":{"line":139,"column":42}},"31":{"start":{"line":140,"column":8},"end":{"line":140,"column":27}},"32":{"start":{"line":143,"column":6},"end":{"line":143,"column":66}},"33":{"start":{"line":145,"column":4},"end":{"line":145,"column":16}},"34":{"start":{"line":149,"column":4},"end":{"line":157,"column":5}},"35":{"start":{"line":150,"column":19},"end":{"line":150,"column":55}},"36":{"start":{"line":151,"column":6},"end":{"line":154,"column":7}},"37":{"start":{"line":152,"column":26},"end":{"line":152,"column":42}},"38":{"start":{"line":153,"column":8},"end":{"line":153,"column":26}},"39":{"start":{"line":156,"column":6},"end":{"line":156,"column":81}},"40":{"start":{"line":158,"column":4},"end":{"line":158,"column":16}},"41":{"start":{"line":162,"column":4},"end":{"line":170,"column":5}},"42":{"start":{"line":163,"column":19},"end":{"line":163,"column":55}},"43":{"start":{"line":164,"column":6},"end":{"line":167,"column":7}},"44":{"start":{"line":165,"column":26},"end":{"line":165,"column":42}},"45":{"start":{"line":166,"column":8},"end":{"line":166,"column":70}},"46":{"start":{"line":169,"column":6},"end":{"line":169,"column":85}},"47":{"start":{"line":171,"column":4},"end":{"line":171,"column":17}},"48":{"start":{"line":175,"column":17},"end":{"line":175,"column":31}},"49":{"start":{"line":176,"column":4},"end":{"line":176,"column":36}},"50":{"start":{"line":180,"column":17},"end":{"line":180,"column":31}},"51":{"start":{"line":181,"column":4},"end":{"line":181,"column":34}},"52":{"start":{"line":185,"column":4},"end":{"line":185,"column":26}},"53":{"start":{"line":193,"column":17},"end":{"line":193,"column":31}},"54":{"start":{"line":194,"column":4},"end":{"line":194,"column":53}},"55":{"start":{"line":198,"column":4},"end":{"line":226,"column":5}},"56":{"start":{"line":199,"column":19},"end":{"line":199,"column":33}},"57":{"start":{"line":200,"column":6},"end":{"line":202,"column":7}},"58":{"start":{"line":201,"column":8},"end":{"line":201,"column":43}},"59":{"start":{"line":204,"column":23},"end":{"line":206,"column":null}},"60":{"start":{"line":209,"column":6},"end":{"line":221,"column":7}},"61":{"start":{"line":211,"column":21},"end":{"line":211,"column":57}},"62":{"start":{"line":212,"column":8},"end":{"line":219,"column":9}},"63":{"start":{"line":213,"column":23},"end":{"line":213,"column":39}},"64":{"start":{"line":214,"column":10},"end":{"line":217,"column":12}},"65":{"start":{"line":218,"column":10},"end":{"line":218,"column":69}},"66":{"start":{"line":220,"column":8},"end":{"line":220,"column":20}},"67":{"start":{"line":222,"column":6},"end":{"line":222,"column":19}},"68":{"start":{"line":224,"column":6},"end":{"line":224,"column":69}},"69":{"start":{"line":225,"column":6},"end":{"line":225,"column":19}},"70":{"start":{"line":234,"column":4},"end":{"line":265,"column":5}},"71":{"start":{"line":235,"column":19},"end":{"line":235,"column":33}},"72":{"start":{"line":236,"column":6},"end":{"line":238,"column":7}},"73":{"start":{"line":237,"column":8},"end":{"line":237,"column":43}},"74":{"start":{"line":240,"column":23},"end":{"line":245,"column":null}},"75":{"start":{"line":249,"column":6},"end":{"line":259,"column":7}},"76":{"start":{"line":250,"column":21},"end":{"line":250,"column":57}},"77":{"start":{"line":251,"column":8},"end":{"line":258,"column":9}},"78":{"start":{"line":252,"column":23},"end":{"line":252,"column":39}},"79":{"start":{"line":253,"column":10},"end":{"line":256,"column":12}},"80":{"start":{"line":257,"column":10},"end":{"line":257,"column":69}},"81":{"start":{"line":261,"column":6},"end":{"line":261,"column":35}},"82":{"start":{"line":263,"column":6},"end":{"line":263,"column":86}},"83":{"start":{"line":264,"column":6},"end":{"line":264,"column":19}},"84":{"start":{"line":272,"column":4},"end":{"line":290,"column":5}},"85":{"start":{"line":273,"column":19},"end":{"line":273,"column":33}},"86":{"start":{"line":274,"column":6},"end":{"line":276,"column":7}},"87":{"start":{"line":275,"column":8},"end":{"line":275,"column":43}},"88":{"start":{"line":278,"column":23},"end":{"line":281,"column":45}},"89":{"start":{"line":283,"column":6},"end":{"line":285,"column":7}},"90":{"start":{"line":284,"column":8},"end":{"line":284,"column":34}},"91":{"start":{"line":286,"column":6},"end":{"line":286,"column":18}},"92":{"start":{"line":288,"column":6},"end":{"line":288,"column":87}},"93":{"start":{"line":289,"column":6},"end":{"line":289,"column":18}},"94":{"start":{"line":297,"column":4},"end":{"line":311,"column":5}},"95":{"start":{"line":298,"column":19},"end":{"line":298,"column":33}},"96":{"start":{"line":299,"column":6},"end":{"line":301,"column":7}},"97":{"start":{"line":300,"column":8},"end":{"line":300,"column":21}},"98":{"start":{"line":303,"column":23},"end":{"line":304,"column":null}},"99":{"start":{"line":307,"column":6},"end":{"line":307,"column":35}},"100":{"start":{"line":309,"column":6},"end":{"line":309,"column":76}},"101":{"start":{"line":310,"column":6},"end":{"line":310,"column":19}},"102":{"start":{"line":318,"column":4},"end":{"line":327,"column":5}},"103":{"start":{"line":319,"column":23},"end":{"line":320,"column":null}},"104":{"start":{"line":323,"column":6},"end":{"line":323,"column":35}},"105":{"start":{"line":325,"column":6},"end":{"line":325,"column":80}},"106":{"start":{"line":326,"column":6},"end":{"line":326,"column":19}},"107":{"start":{"line":331,"column":4},"end":{"line":341,"column":5}},"108":{"start":{"line":332,"column":23},"end":{"line":334,"column":null}},"109":{"start":{"line":337,"column":6},"end":{"line":337,"column":35}},"110":{"start":{"line":339,"column":6},"end":{"line":339,"column":73}},"111":{"start":{"line":340,"column":6},"end":{"line":340,"column":19}},"112":{"start":{"line":350,"column":4},"end":{"line":373,"column":5}},"113":{"start":{"line":352,"column":20},"end":{"line":352,"column":101}},"114":{"start":{"line":354,"column":23},"end":{"line":366,"column":null}},"115":{"start":{"line":369,"column":6},"end":{"line":369,"column":35}},"116":{"start":{"line":371,"column":6},"end":{"line":371,"column":86}},"117":{"start":{"line":372,"column":6},"end":{"line":372,"column":19}},"118":{"start":{"line":381,"column":4},"end":{"line":381,"column":139}},"119":{"start":{"line":383,"column":4},"end":{"line":383,"column":49}},"120":{"start":{"line":387,"column":4},"end":{"line":387,"column":44}},"121":{"start":{"line":391,"column":0},"end":{"line":391,"column":27}}},"fnMap":{"0":{"name":"(anonymous_7)","decl":{"start":{"line":64,"column":2},"end":{"line":64,"column":8}},"loc":{"start":{"line":64,"column":50},"end":{"line":92,"column":null}}},"1":{"name":"(anonymous_9)","decl":{"start":{"line":94,"column":2},"end":{"line":94,"column":8}},"loc":{"start":{"line":94,"column":29},"end":{"line":111,"column":null}}},"2":{"name":"(anonymous_11)","decl":{"start":{"line":116,"column":2},"end":{"line":116,"column":8}},"loc":{"start":{"line":116,"column":38},"end":{"line":133,"column":null}}},"3":{"name":"(anonymous_13)","decl":{"start":{"line":135,"column":2},"end":{"line":135,"column":8}},"loc":{"start":{"line":135,"column":17},"end":{"line":146,"column":3}}},"4":{"name":"(anonymous_14)","decl":{"start":{"line":148,"column":2},"end":{"line":148,"column":8}},"loc":{"start":{"line":148,"column":16},"end":{"line":159,"column":3}}},"5":{"name":"(anonymous_15)","decl":{"start":{"line":161,"column":2},"end":{"line":161,"column":8}},"loc":{"start":{"line":161,"column":24},"end":{"line":172,"column":3}}},"6":{"name":"(anonymous_16)","decl":{"start":{"line":174,"column":2},"end":{"line":174,"column":8}},"loc":{"start":{"line":174,"column":18},"end":{"line":177,"column":3}}},"7":{"name":"(anonymous_17)","decl":{"start":{"line":179,"column":2},"end":{"line":179,"column":8}},"loc":{"start":{"line":179,"column":16},"end":{"line":182,"column":3}}},"8":{"name":"(anonymous_18)","decl":{"start":{"line":184,"column":2},"end":{"line":184,"column":8}},"loc":{"start":{"line":184,"column":31},"end":{"line":186,"column":3}}},"9":{"name":"(anonymous_19)","decl":{"start":{"line":192,"column":2},"end":{"line":192,"column":8}},"loc":{"start":{"line":192,"column":31},"end":{"line":195,"column":3}}},"10":{"name":"(anonymous_20)","decl":{"start":{"line":197,"column":2},"end":{"line":197,"column":8}},"loc":{"start":{"line":197,"column":47},"end":{"line":227,"column":null}}},"11":{"name":"(anonymous_22)","decl":{"start":{"line":233,"column":2},"end":{"line":233,"column":8}},"loc":{"start":{"line":233,"column":51},"end":{"line":266,"column":null}}},"12":{"name":"(anonymous_24)","decl":{"start":{"line":271,"column":2},"end":{"line":271,"column":8}},"loc":{"start":{"line":271,"column":29},"end":{"line":291,"column":null}}},"13":{"name":"(anonymous_26)","decl":{"start":{"line":296,"column":2},"end":{"line":296,"column":8}},"loc":{"start":{"line":296,"column":29},"end":{"line":312,"column":null}}},"14":{"name":"(anonymous_28)","decl":{"start":{"line":317,"column":2},"end":{"line":317,"column":8}},"loc":{"start":{"line":317,"column":38},"end":{"line":328,"column":null}}},"15":{"name":"(anonymous_30)","decl":{"start":{"line":330,"column":2},"end":{"line":330,"column":8}},"loc":{"start":{"line":330,"column":74},"end":{"line":342,"column":null}}},"16":{"name":"(anonymous_32)","decl":{"start":{"line":349,"column":2},"end":{"line":349,"column":8}},"loc":{"start":{"line":349,"column":66},"end":{"line":374,"column":null}}},"17":{"name":"(anonymous_34)","decl":{"start":{"line":380,"column":2},"end":{"line":380,"column":8}},"loc":{"start":{"line":380,"column":94},"end":{"line":384,"column":null}}},"18":{"name":"(anonymous_36)","decl":{"start":{"line":386,"column":2},"end":{"line":386,"column":8}},"loc":{"start":{"line":386,"column":15},"end":{"line":388,"column":3}}}},"branchMap":{"0":{"loc":{"start":{"line":69,"column":14},"end":{"line":69,"column":111}},"type":"cond-expr","locations":[{"start":{"line":69,"column":48},"end":{"line":69,"column":76}},{"start":{"line":69,"column":79},"end":{"line":69,"column":111}}]},"1":{"loc":{"start":{"line":75,"column":6},"end":{"line":83,"column":7}},"type":"if","locations":[{"start":{"line":75,"column":6},"end":{"line":83,"column":7}}]},"2":{"loc":{"start":{"line":75,"column":10},"end":{"line":75,"column":61}},"type":"binary-expr","locations":[{"start":{"line":75,"column":10},"end":{"line":75,"column":31}},{"start":{"line":75,"column":35},"end":{"line":75,"column":59}}]},"3":{"loc":{"start":{"line":75,"column":35},"end":{"line":75,"column":59}},"type":"cond-expr","locations":[{"start":{"line":75,"column":53},"end":{"line":75,"column":55}},{"start":{"line":75,"column":53},"end":{"line":75,"column":59}}]},"4":{"loc":{"start":{"line":75,"column":35},"end":{"line":75,"column":55}},"type":"binary-expr","locations":[{"start":{"line":75,"column":35},"end":{"line":75,"column":55}},{"start":{"line":75,"column":53},"end":{"line":75,"column":55}}]},"5":{"loc":{"start":{"line":77,"column":8},"end":{"line":82,"column":9}},"type":"if","locations":[{"start":{"line":77,"column":8},"end":{"line":82,"column":9}}]},"6":{"loc":{"start":{"line":77,"column":12},"end":{"line":77,"column":58}},"type":"binary-expr","locations":[{"start":{"line":77,"column":12},"end":{"line":77,"column":34}},{"start":{"line":77,"column":38},"end":{"line":77,"column":58}}]},"7":{"loc":{"start":{"line":87,"column":6},"end":{"line":89,"column":7}},"type":"if","locations":[{"start":{"line":87,"column":6},"end":{"line":89,"column":7}}]},"8":{"loc":{"start":{"line":87,"column":10},"end":{"line":87,"column":53}},"type":"binary-expr","locations":[{"start":{"line":87,"column":10},"end":{"line":87,"column":35}},{"start":{"line":87,"column":39},"end":{"line":87,"column":53}}]},"9":{"loc":{"start":{"line":103,"column":6},"end":{"line":105,"column":7}},"type":"if","locations":[{"start":{"line":103,"column":6},"end":{"line":105,"column":7}}]},"10":{"loc":{"start":{"line":125,"column":6},"end":{"line":127,"column":7}},"type":"if","locations":[{"start":{"line":125,"column":6},"end":{"line":127,"column":7}}]},"11":{"loc":{"start":{"line":138,"column":6},"end":{"line":141,"column":7}},"type":"if","locations":[{"start":{"line":138,"column":6},"end":{"line":141,"column":7}}]},"12":{"loc":{"start":{"line":151,"column":6},"end":{"line":154,"column":7}},"type":"if","locations":[{"start":{"line":151,"column":6},"end":{"line":154,"column":7}}]},"13":{"loc":{"start":{"line":164,"column":6},"end":{"line":167,"column":7}},"type":"if","locations":[{"start":{"line":164,"column":6},"end":{"line":167,"column":7}}]},"14":{"loc":{"start":{"line":166,"column":15},"end":{"line":166,"column":69}},"type":"binary-expr","locations":[{"start":{"line":166,"column":15},"end":{"line":166,"column":36}},{"start":{"line":166,"column":40},"end":{"line":166,"column":53}},{"start":{"line":166,"column":57},"end":{"line":166,"column":69}}]},"15":{"loc":{"start":{"line":176,"column":11},"end":{"line":176,"column":21}},"type":"cond-expr","locations":[{"start":{"line":176,"column":15},"end":{"line":176,"column":17}},{"start":{"line":176,"column":11},"end":{"line":176,"column":21}}]},"16":{"loc":{"start":{"line":176,"column":11},"end":{"line":176,"column":17}},"type":"binary-expr","locations":[{"start":{"line":176,"column":11},"end":{"line":176,"column":17}},{"start":{"line":176,"column":11},"end":{"line":176,"column":17}}]},"17":{"loc":{"start":{"line":181,"column":11},"end":{"line":181,"column":21}},"type":"cond-expr","locations":[{"start":{"line":181,"column":15},"end":{"line":181,"column":17}},{"start":{"line":181,"column":11},"end":{"line":181,"column":21}}]},"18":{"loc":{"start":{"line":181,"column":11},"end":{"line":181,"column":17}},"type":"binary-expr","locations":[{"start":{"line":181,"column":11},"end":{"line":181,"column":17}},{"start":{"line":181,"column":11},"end":{"line":181,"column":17}}]},"19":{"loc":{"start":{"line":194,"column":11},"end":{"line":194,"column":52}},"type":"binary-expr","locations":[{"start":{"line":194,"column":11},"end":{"line":194,"column":44}},{"start":{"line":194,"column":48},"end":{"line":194,"column":52}}]},"20":{"loc":{"start":{"line":194,"column":11},"end":{"line":194,"column":44}},"type":"cond-expr","locations":[{"start":{"line":194,"column":15},"end":{"line":194,"column":17}},{"start":{"line":194,"column":11},"end":{"line":194,"column":44}}]},"21":{"loc":{"start":{"line":194,"column":11},"end":{"line":194,"column":17}},"type":"binary-expr","locations":[{"start":{"line":194,"column":11},"end":{"line":194,"column":17}},{"start":{"line":194,"column":11},"end":{"line":194,"column":17}}]},"22":{"loc":{"start":{"line":200,"column":6},"end":{"line":202,"column":7}},"type":"if","locations":[{"start":{"line":200,"column":6},"end":{"line":202,"column":7}}]},"23":{"loc":{"start":{"line":209,"column":6},"end":{"line":221,"column":7}},"type":"if","locations":[{"start":{"line":209,"column":6},"end":{"line":221,"column":7}}]},"24":{"loc":{"start":{"line":212,"column":8},"end":{"line":219,"column":9}},"type":"if","locations":[{"start":{"line":212,"column":8},"end":{"line":219,"column":9}}]},"25":{"loc":{"start":{"line":236,"column":6},"end":{"line":238,"column":7}},"type":"if","locations":[{"start":{"line":236,"column":6},"end":{"line":238,"column":7}}]},"26":{"loc":{"start":{"line":249,"column":6},"end":{"line":259,"column":7}},"type":"if","locations":[{"start":{"line":249,"column":6},"end":{"line":259,"column":7}}]},"27":{"loc":{"start":{"line":249,"column":10},"end":{"line":249,"column":50}},"type":"binary-expr","locations":[{"start":{"line":249,"column":10},"end":{"line":249,"column":31}},{"start":{"line":249,"column":35},"end":{"line":249,"column":50}}]},"28":{"loc":{"start":{"line":251,"column":8},"end":{"line":258,"column":9}},"type":"if","locations":[{"start":{"line":251,"column":8},"end":{"line":258,"column":9}}]},"29":{"loc":{"start":{"line":274,"column":6},"end":{"line":276,"column":7}},"type":"if","locations":[{"start":{"line":274,"column":6},"end":{"line":276,"column":7}}]},"30":{"loc":{"start":{"line":283,"column":6},"end":{"line":285,"column":7}},"type":"if","locations":[{"start":{"line":283,"column":6},"end":{"line":285,"column":7}}]},"31":{"loc":{"start":{"line":299,"column":6},"end":{"line":301,"column":7}},"type":"if","locations":[{"start":{"line":299,"column":6},"end":{"line":301,"column":7}}]},"32":{"loc":{"start":{"line":352,"column":20},"end":{"line":352,"column":101}},"type":"cond-expr","locations":[{"start":{"line":352,"column":69},"end":{"line":352,"column":83}},{"start":{"line":352,"column":86},"end":{"line":352,"column":101}}]},"33":{"loc":{"start":{"line":352,"column":20},"end":{"line":352,"column":66}},"type":"binary-expr","locations":[{"start":{"line":352,"column":20},"end":{"line":352,"column":34}},{"start":{"line":352,"column":38},"end":{"line":352,"column":66}}]},"34":{"loc":{"start":{"line":360,"column":20},"end":{"line":360,"column":42}},"type":"binary-expr","locations":[{"start":{"line":360,"column":20},"end":{"line":360,"column":37}},{"start":{"line":360,"column":41},"end":{"line":360,"column":42}}]},"35":{"loc":{"start":{"line":361,"column":21},"end":{"line":361,"column":44}},"type":"binary-expr","locations":[{"start":{"line":361,"column":21},"end":{"line":361,"column":39}},{"start":{"line":361,"column":43},"end":{"line":361,"column":44}}]},"36":{"loc":{"start":{"line":363,"column":26},"end":{"line":363,"column":60}},"type":"binary-expr","locations":[{"start":{"line":363,"column":26},"end":{"line":363,"column":49}},{"start":{"line":363,"column":53},"end":{"line":363,"column":60}}]},"37":{"loc":{"start":{"line":364,"column":26},"end":{"line":364,"column":60}},"type":"binary-expr","locations":[{"start":{"line":364,"column":26},"end":{"line":364,"column":49}},{"start":{"line":364,"column":53},"end":{"line":364,"column":60}}]}},"s":{"0":2,"1":2,"2":2,"3":0,"4":0,"5":0,"6":0,"7":0,"8":0,"9":0,"10":0,"11":0,"12":0,"13":0,"14":0,"15":0,"16":0,"17":0,"18":0,"19":0,"20":0,"21":0,"22":0,"23":0,"24":0,"25":0,"26":0,"27":0,"28":0,"29":0,"30":0,"31":0,"32":0,"33":0,"34":0,"35":0,"36":0,"37":0,"38":0,"39":0,"40":0,"41":0,"42":0,"43":0,"44":0,"45":0,"46":0,"47":0,"48":0,"49":0,"50":0,"51":0,"52":0,"53":0,"54":0,"55":0,"56":0,"57":0,"58":0,"59":0,"60":0,"61":0,"62":0,"63":0,"64":0,"65":0,"66":0,"67":0,"68":0,"69":0,"70":0,"71":0,"72":0,"73":0,"74":0,"75":0,"76":0,"77":0,"78":0,"79":0,"80":0,"81":0,"82":0,"83":0,"84":0,"85":0,"86":0,"87":0,"88":0,"89":0,"90":0,"91":0,"92":0,"93":0,"94":0,"95":0,"96":0,"97":0,"98":0,"99":0,"100":0,"101":0,"102":0,"103":0,"104":0,"105":0,"106":0,"107":0,"108":0,"109":0,"110":0,"111":0,"112":0,"113":0,"114":0,"115":0,"116":0,"117":0,"118":0,"119":0,"120":0,"121":2},"f":{"0":0,"1":0,"2":0,"3":0,"4":0,"5":0,"6":0,"7":0,"8":0,"9":0,"10":0,"11":0,"12":0,"13":0,"14":0,"15":0,"16":0,"17":0,"18":0},"b":{"0":[0,0],"1":[0],"2":[0,0],"3":[0,0],"4":[0,0],"5":[0],"6":[0,0],"7":[0],"8":[0,0],"9":[0],"10":[0],"11":[0],"12":[0],"13":[0],"14":[0,0,0],"15":[0,0],"16":[0,0],"17":[0,0],"18":[0,0],"19":[0,0],"20":[0,0],"21":[0,0],"22":[0],"23":[0],"24":[0],"25":[0],"26":[0],"27":[0,0],"28":[0],"29":[0],"30":[0],"31":[0],"32":[0,0],"33":[0,0],"34":[0,0],"35":[0,0],"36":[0,0],"37":[0,0]}}
,"C:\\Users\\abduk\\Documents\\ProProject\\Yessal\\manager-app-yessal\\src\\services\\bilan.ts": {"path":"C:\\Users\\abduk\\Documents\\ProProject\\Yessal\\manager-app-yessal\\src\\services\\bilan.ts","statementMap":{"0":{"start":{"line":1,"column":0},"end":{"line":1,"column":36}},"1":{"start":{"line":62,"column":4},"end":{"line":72,"column":5}},"2":{"start":{"line":63,"column":21},"end":{"line":63,"column":43}},"3":{"start":{"line":64,"column":23},"end":{"line":64,"column":85}},"4":{"start":{"line":65,"column":6},"end":{"line":65,"column":27}},"5":{"start":{"line":67,"column":6},"end":{"line":67,"column":47}},"6":{"start":{"line":68,"column":6},"end":{"line":71,"column":8}},"7":{"start":{"line":76,"column":0},"end":{"line":76,"column":34}}},"fnMap":{"0":{"name":"(anonymous_7)","decl":{"start":{"line":61,"column":8},"end":{"line":61,"column":16}},"loc":{"start":{"line":61,"column":50},"end":{"line":73,"column":null}}}},"branchMap":{"0":{"loc":{"start":{"line":63,"column":21},"end":{"line":63,"column":43}},"type":"cond-expr","locations":[{"start":{"line":63,"column":29},"end":{"line":63,"column":38}},{"start":{"line":63,"column":41},"end":{"line":63,"column":43}}]},"1":{"loc":{"start":{"line":70,"column":17},"end":{"line":70,"column":91}},"type":"binary-expr","locations":[{"start":{"line":70,"column":17},"end":{"line":70,"column":46}},{"start":{"line":70,"column":50},"end":{"line":70,"column":91}}]},"2":{"loc":{"start":{"line":70,"column":17},"end":{"line":70,"column":46}},"type":"cond-expr","locations":[{"start":{"line":70,"column":37},"end":{"line":70,"column":39}},{"start":{"line":70,"column":37},"end":{"line":70,"column":46}}]},"3":{"loc":{"start":{"line":70,"column":17},"end":{"line":70,"column":39}},"type":"binary-expr","locations":[{"start":{"line":70,"column":17},"end":{"line":70,"column":39}},{"start":{"line":70,"column":37},"end":{"line":70,"column":39}}]},"4":{"loc":{"start":{"line":70,"column":17},"end":{"line":70,"column":37}},"type":"cond-expr","locations":[{"start":{"line":70,"column":31},"end":{"line":70,"column":33}},{"start":{"line":70,"column":31},"end":{"line":70,"column":37}}]},"5":{"loc":{"start":{"line":70,"column":17},"end":{"line":70,"column":33}},"type":"binary-expr","locations":[{"start":{"line":70,"column":17},"end":{"line":70,"column":33}},{"start":{"line":70,"column":31},"end":{"line":70,"column":33}}]}},"s":{"0":1,"1":4,"2":4,"3":4,"4":2,"5":2,"6":2,"7":1},"f":{"0":4},"b":{"0":[1,3],"1":[2,1],"2":[1,1],"3":[2,2],"4":[1,1],"5":[2,2]}}
,"C:\\Users\\abduk\\Documents\\ProProject\\Yessal\\manager-app-yessal\\src\\services\\client.ts": {"path":"C:\\Users\\abduk\\Documents\\ProProject\\Yessal\\manager-app-yessal\\src\\services\\client.ts","statementMap":{"0":{"start":{"line":1,"column":0},"end":{"line":1,"column":26}},"1":{"start":{"line":2,"column":0},"end":{"line":2,"column":36}},"2":{"start":{"line":3,"column":0},"end":{"line":3,"column":33}},"3":{"start":{"line":185,"column":4},"end":{"line":200,"column":5}},"4":{"start":{"line":186,"column":23},"end":{"line":187,"column":null}},"5":{"start":{"line":191,"column":38},"end":{"line":194,"column":9}},"6":{"start":{"line":191,"column":78},"end":{"line":194,"column":9}},"7":{"start":{"line":196,"column":6},"end":{"line":196,"column":27}},"8":{"start":{"line":198,"column":6},"end":{"line":198,"column":70}},"9":{"start":{"line":199,"column":6},"end":{"line":199,"column":16}},"10":{"start":{"line":207,"column":4},"end":{"line":223,"column":5}},"11":{"start":{"line":208,"column":23},"end":{"line":209,"column":null}},"12":{"start":{"line":213,"column":21},"end":{"line":213,"column":39}},"13":{"start":{"line":214,"column":24},"end":{"line":216,"column":null}},"14":{"start":{"line":219,"column":6},"end":{"line":219,"column":26}},"15":{"start":{"line":221,"column":6},"end":{"line":221,"column":84}},"16":{"start":{"line":222,"column":6},"end":{"line":222,"column":18}},"17":{"start":{"line":230,"column":4},"end":{"line":239,"column":5}},"18":{"start":{"line":231,"column":23},"end":{"line":234,"column":8}},"19":{"start":{"line":235,"column":6},"end":{"line":235,"column":27}},"20":{"start":{"line":237,"column":6},"end":{"line":237,"column":72}},"21":{"start":{"line":238,"column":6},"end":{"line":238,"column":18}},"22":{"start":{"line":246,"column":4},"end":{"line":294,"column":5}},"23":{"start":{"line":248,"column":27},"end":{"line":248,"column":63}},"24":{"start":{"line":251,"column":26},"end":{"line":251,"column":47}},"25":{"start":{"line":252,"column":30},"end":{"line":252,"column":53}},"26":{"start":{"line":255,"column":25},"end":{"line":263,"column":8}},"27":{"start":{"line":265,"column":23},"end":{"line":265,"column":67}},"28":{"start":{"line":268,"column":28},"end":{"line":268,"column":46}},"29":{"start":{"line":269,"column":24},"end":{"line":272,"column":8}},"30":{"start":{"line":274,"column":6},"end":{"line":278,"column":8}},"31":{"start":{"line":280,"column":6},"end":{"line":280,"column":68}},"32":{"start":{"line":283,"column":6},"end":{"line":288,"column":7}},"33":{"start":{"line":284,"column":8},"end":{"line":287,"column":10}},"34":{"start":{"line":290,"column":6},"end":{"line":293,"column":8}},"35":{"start":{"line":301,"column":4},"end":{"line":325,"column":5}},"36":{"start":{"line":303,"column":27},"end":{"line":303,"column":63}},"37":{"start":{"line":306,"column":26},"end":{"line":306,"column":47}},"38":{"start":{"line":307,"column":30},"end":{"line":307,"column":53}},"39":{"start":{"line":309,"column":23},"end":{"line":314,"column":null}},"40":{"start":{"line":318,"column":6},"end":{"line":321,"column":8}},"41":{"start":{"line":323,"column":6},"end":{"line":323,"column":75}},"42":{"start":{"line":324,"column":6},"end":{"line":324,"column":32}},"43":{"start":{"line":332,"column":4},"end":{"line":350,"column":5}},"44":{"start":{"line":333,"column":20},"end":{"line":333,"column":42}},"45":{"start":{"line":334,"column":6},"end":{"line":336,"column":7}},"46":{"start":{"line":335,"column":8},"end":{"line":335,"column":43}},"47":{"start":{"line":338,"column":23},"end":{"line":340,"column":null}},"48":{"start":{"line":343,"column":6},"end":{"line":346,"column":8}},"49":{"start":{"line":348,"column":6},"end":{"line":348,"column":75}},"50":{"start":{"line":349,"column":6},"end":{"line":349,"column":32}},"51":{"start":{"line":359,"column":19},"end":{"line":359,"column":40}},"52":{"start":{"line":361,"column":4},"end":{"line":363,"column":5}},"53":{"start":{"line":362,"column":6},"end":{"line":362,"column":46}},"54":{"start":{"line":365,"column":4},"end":{"line":367,"column":5}},"55":{"start":{"line":366,"column":6},"end":{"line":366,"column":54}},"56":{"start":{"line":369,"column":4},"end":{"line":371,"column":5}},"57":{"start":{"line":370,"column":6},"end":{"line":370,"column":69}},"58":{"start":{"line":373,"column":4},"end":{"line":375,"column":5}},"59":{"start":{"line":374,"column":6},"end":{"line":374,"column":67}},"60":{"start":{"line":377,"column":4},"end":{"line":379,"column":5}},"61":{"start":{"line":378,"column":6},"end":{"line":378,"column":49}},"62":{"start":{"line":381,"column":4},"end":{"line":381,"column":29}},"63":{"start":{"line":388,"column":4},"end":{"line":434,"column":null}},"64":{"start":{"line":398,"column":4},"end":{"line":433,"column":5}},"65":{"start":{"line":399,"column":16},"end":{"line":399,"column":64}},"66":{"start":{"line":401,"column":27},"end":{"line":401,"column":62}},"67":{"start":{"line":402,"column":6},"end":{"line":404,"column":7}},"68":{"start":{"line":403,"column":8},"end":{"line":403,"column":34}},"69":{"start":{"line":406,"column":23},"end":{"line":415,"column":13}},"70":{"start":{"line":417,"column":6},"end":{"line":423,"column":8}},"71":{"start":{"line":425,"column":6},"end":{"line":425,"column":74}},"72":{"start":{"line":426,"column":6},"end":{"line":432,"column":8}},"73":{"start":{"line":440,"column":4},"end":{"line":485,"column":null}},"74":{"start":{"line":450,"column":4},"end":{"line":484,"column":5}},"75":{"start":{"line":451,"column":16},"end":{"line":451,"column":60}},"76":{"start":{"line":453,"column":6},"end":{"line":455,"column":7}},"77":{"start":{"line":454,"column":8},"end":{"line":454,"column":55}},"78":{"start":{"line":457,"column":23},"end":{"line":466,"column":13}},"79":{"start":{"line":468,"column":6},"end":{"line":474,"column":8}},"80":{"start":{"line":476,"column":6},"end":{"line":476,"column":82}},"81":{"start":{"line":477,"column":6},"end":{"line":483,"column":8}},"82":{"start":{"line":491,"column":4},"end":{"line":517,"column":5}},"83":{"start":{"line":493,"column":26},"end":{"line":493,"column":47}},"84":{"start":{"line":494,"column":30},"end":{"line":494,"column":53}},"85":{"start":{"line":496,"column":23},"end":{"line":503,"column":null}},"86":{"start":{"line":506,"column":6},"end":{"line":510,"column":8}},"87":{"start":{"line":512,"column":6},"end":{"line":512,"column":68}},"88":{"start":{"line":513,"column":6},"end":{"line":516,"column":8}},"89":{"start":{"line":524,"column":4},"end":{"line":534,"column":5}},"90":{"start":{"line":525,"column":23},"end":{"line":528,"column":28}},"91":{"start":{"line":530,"column":6},"end":{"line":530,"column":32}},"92":{"start":{"line":532,"column":6},"end":{"line":532,"column":72}},"93":{"start":{"line":533,"column":6},"end":{"line":533,"column":18}},"94":{"start":{"line":541,"column":4},"end":{"line":559,"column":5}},"95":{"start":{"line":542,"column":23},"end":{"line":546,"column":38}},"96":{"start":{"line":548,"column":6},"end":{"line":552,"column":8}},"97":{"start":{"line":554,"column":6},"end":{"line":554,"column":71}},"98":{"start":{"line":555,"column":6},"end":{"line":558,"column":8}},"99":{"start":{"line":566,"column":4},"end":{"line":582,"column":5}},"100":{"start":{"line":567,"column":23},"end":{"line":570,"column":28}},"101":{"start":{"line":572,"column":6},"end":{"line":575,"column":8}},"102":{"start":{"line":577,"column":6},"end":{"line":577,"column":71}},"103":{"start":{"line":578,"column":6},"end":{"line":581,"column":8}},"104":{"start":{"line":589,"column":4},"end":{"line":599,"column":5}},"105":{"start":{"line":590,"column":23},"end":{"line":593,"column":18}},"106":{"start":{"line":595,"column":6},"end":{"line":595,"column":32}},"107":{"start":{"line":597,"column":6},"end":{"line":597,"column":72}},"108":{"start":{"line":598,"column":6},"end":{"line":598,"column":16}},"109":{"start":{"line":612,"column":4},"end":{"line":642,"column":5}},"110":{"start":{"line":614,"column":27},"end":{"line":614,"column":84}},"111":{"start":{"line":616,"column":6},"end":{"line":621,"column":7}},"112":{"start":{"line":617,"column":8},"end":{"line":620,"column":10}},"113":{"start":{"line":623,"column":19},"end":{"line":625,"column":null}},"114":{"start":{"line":628,"column":23},"end":{"line":628,"column":93}},"115":{"start":{"line":631,"column":6},"end":{"line":635,"column":8}},"116":{"start":{"line":637,"column":6},"end":{"line":637,"column":83}},"117":{"start":{"line":638,"column":6},"end":{"line":641,"column":8}},"118":{"start":{"line":652,"column":4},"end":{"line":665,"column":5}},"119":{"start":{"line":653,"column":23},"end":{"line":653,"column":93}},"120":{"start":{"line":655,"column":6},"end":{"line":658,"column":8}},"121":{"start":{"line":660,"column":6},"end":{"line":660,"column":86}},"122":{"start":{"line":661,"column":6},"end":{"line":664,"column":8}},"123":{"start":{"line":672,"column":4},"end":{"line":685,"column":5}},"124":{"start":{"line":673,"column":23},"end":{"line":673,"column":90}},"125":{"start":{"line":675,"column":6},"end":{"line":678,"column":8}},"126":{"start":{"line":680,"column":6},"end":{"line":680,"column":86}},"127":{"start":{"line":681,"column":6},"end":{"line":684,"column":8}},"128":{"start":{"line":689,"column":0},"end":{"line":689,"column":29}}},"fnMap":{"0":{"name":"(anonymous_7)","decl":{"start":{"line":184,"column":2},"end":{"line":184,"column":8}},"loc":{"start":{"line":184,"column":42},"end":{"line":201,"column":null}}},"1":{"name":"(anonymous_9)","decl":{"start":{"line":191,"column":61},"end":{"line":191,"column":62}},"loc":{"start":{"line":191,"column":77},"end":{"line":194,"column":9}}},"2":{"name":"(anonymous_10)","decl":{"start":{"line":206,"column":2},"end":{"line":206,"column":8}},"loc":{"start":{"line":206,"column":48},"end":{"line":224,"column":null}}},"3":{"name":"(anonymous_12)","decl":{"start":{"line":229,"column":2},"end":{"line":229,"column":8}},"loc":{"start":{"line":229,"column":67},"end":{"line":240,"column":null}}},"4":{"name":"(anonymous_14)","decl":{"start":{"line":245,"column":2},"end":{"line":245,"column":8}},"loc":{"start":{"line":245,"column":52},"end":{"line":295,"column":null}}},"5":{"name":"(anonymous_16)","decl":{"start":{"line":300,"column":2},"end":{"line":300,"column":8}},"loc":{"start":{"line":300,"column":57},"end":{"line":326,"column":null}}},"6":{"name":"(anonymous_18)","decl":{"start":{"line":331,"column":2},"end":{"line":331,"column":8}},"loc":{"start":{"line":331,"column":59},"end":{"line":351,"column":null}}},"7":{"name":"(anonymous_20)","decl":{"start":{"line":358,"column":10},"end":{"line":358,"column":16}},"loc":{"start":{"line":358,"column":59},"end":{"line":382,"column":3}}},"8":{"name":"(anonymous_21)","decl":{"start":{"line":387,"column":2},"end":{"line":387,"column":8}},"loc":{"start":{"line":387,"column":23},"end":{"line":434,"column":null}}},"9":{"name":"(anonymous_22)","decl":{"start":{"line":388,"column":4},"end":{"line":388,"column":19}},"loc":{"start":{"line":390,"column":29},"end":{"line":434,"column":3}}},"10":{"name":"(anonymous_23)","decl":{"start":{"line":439,"column":2},"end":{"line":439,"column":8}},"loc":{"start":{"line":439,"column":31},"end":{"line":485,"column":null}}},"11":{"name":"(anonymous_24)","decl":{"start":{"line":440,"column":4},"end":{"line":440,"column":19}},"loc":{"start":{"line":442,"column":19},"end":{"line":485,"column":3}}},"12":{"name":"(anonymous_25)","decl":{"start":{"line":490,"column":2},"end":{"line":490,"column":8}},"loc":{"start":{"line":490,"column":50},"end":{"line":518,"column":null}}},"13":{"name":"(anonymous_27)","decl":{"start":{"line":523,"column":2},"end":{"line":523,"column":8}},"loc":{"start":{"line":523,"column":41},"end":{"line":535,"column":null}}},"14":{"name":"(anonymous_29)","decl":{"start":{"line":540,"column":2},"end":{"line":540,"column":8}},"loc":{"start":{"line":540,"column":66},"end":{"line":560,"column":null}}},"15":{"name":"(anonymous_31)","decl":{"start":{"line":565,"column":2},"end":{"line":565,"column":8}},"loc":{"start":{"line":565,"column":40},"end":{"line":583,"column":null}}},"16":{"name":"(anonymous_33)","decl":{"start":{"line":588,"column":2},"end":{"line":588,"column":8}},"loc":{"start":{"line":588,"column":23},"end":{"line":600,"column":null}}},"17":{"name":"(anonymous_35)","decl":{"start":{"line":605,"column":2},"end":{"line":605,"column":8}},"loc":{"start":{"line":611,"column":3},"end":{"line":643,"column":null}}},"18":{"name":"(anonymous_37)","decl":{"start":{"line":648,"column":2},"end":{"line":648,"column":8}},"loc":{"start":{"line":651,"column":3},"end":{"line":666,"column":null}}},"19":{"name":"(anonymous_39)","decl":{"start":{"line":671,"column":2},"end":{"line":671,"column":8}},"loc":{"start":{"line":671,"column":60},"end":{"line":686,"column":null}}}},"branchMap":{"0":{"loc":{"start":{"line":193,"column":21},"end":{"line":193,"column":65}},"type":"binary-expr","locations":[{"start":{"line":193,"column":21},"end":{"line":193,"column":57}},{"start":{"line":193,"column":61},"end":{"line":193,"column":65}}]},"1":{"loc":{"start":{"line":193,"column":21},"end":{"line":193,"column":57}},"type":"cond-expr","locations":[{"start":{"line":193,"column":36},"end":{"line":193,"column":38}},{"start":{"line":193,"column":36},"end":{"line":193,"column":57}}]},"2":{"loc":{"start":{"line":193,"column":21},"end":{"line":193,"column":38}},"type":"binary-expr","locations":[{"start":{"line":193,"column":21},"end":{"line":193,"column":38}},{"start":{"line":193,"column":36},"end":{"line":193,"column":38}}]},"3":{"loc":{"start":{"line":216,"column":21},"end":{"line":216,"column":65}},"type":"binary-expr","locations":[{"start":{"line":216,"column":21},"end":{"line":216,"column":57}},{"start":{"line":216,"column":61},"end":{"line":216,"column":65}}]},"4":{"loc":{"start":{"line":216,"column":21},"end":{"line":216,"column":57}},"type":"cond-expr","locations":[{"start":{"line":216,"column":36},"end":{"line":216,"column":38}},{"start":{"line":216,"column":36},"end":{"line":216,"column":57}}]},"5":{"loc":{"start":{"line":216,"column":21},"end":{"line":216,"column":38}},"type":"binary-expr","locations":[{"start":{"line":216,"column":21},"end":{"line":216,"column":38}},{"start":{"line":216,"column":36},"end":{"line":216,"column":38}}]},"6":{"loc":{"start":{"line":252,"column":30},"end":{"line":252,"column":53}},"type":"binary-expr","locations":[{"start":{"line":252,"column":30},"end":{"line":252,"column":45}},{"start":{"line":252,"column":49},"end":{"line":252,"column":53}}]},"7":{"loc":{"start":{"line":252,"column":30},"end":{"line":252,"column":45}},"type":"cond-expr","locations":[{"start":{"line":252,"column":41},"end":{"line":252,"column":43}},{"start":{"line":252,"column":30},"end":{"line":252,"column":45}}]},"8":{"loc":{"start":{"line":252,"column":30},"end":{"line":252,"column":43}},"type":"binary-expr","locations":[{"start":{"line":252,"column":30},"end":{"line":252,"column":43}},{"start":{"line":252,"column":30},"end":{"line":252,"column":43}}]},"9":{"loc":{"start":{"line":259,"column":15},"end":{"line":259,"column":44}},"type":"binary-expr","locations":[{"start":{"line":259,"column":15},"end":{"line":259,"column":31}},{"start":{"line":259,"column":35},"end":{"line":259,"column":44}}]},"10":{"loc":{"start":{"line":260,"column":21},"end":{"line":260,"column":56}},"type":"binary-expr","locations":[{"start":{"line":260,"column":21},"end":{"line":260,"column":43}},{"start":{"line":260,"column":47},"end":{"line":260,"column":56}}]},"11":{"loc":{"start":{"line":261,"column":37},"end":{"line":261,"column":62}},"type":"binary-expr","locations":[{"start":{"line":261,"column":37},"end":{"line":261,"column":49}},{"start":{"line":261,"column":53},"end":{"line":261,"column":62}}]},"12":{"loc":{"start":{"line":262,"column":25},"end":{"line":262,"column":53}},"type":"binary-expr","locations":[{"start":{"line":262,"column":25},"end":{"line":262,"column":40}},{"start":{"line":262,"column":44},"end":{"line":262,"column":53}}]},"13":{"loc":{"start":{"line":283,"column":6},"end":{"line":288,"column":7}},"type":"if","locations":[{"start":{"line":283,"column":6},"end":{"line":288,"column":7}}]},"14":{"loc":{"start":{"line":283,"column":10},"end":{"line":283,"column":70}},"type":"binary-expr","locations":[{"start":{"line":283,"column":10},"end":{"line":283,"column":35}},{"start":{"line":283,"column":39},"end":{"line":283,"column":68}}]},"15":{"loc":{"start":{"line":283,"column":39},"end":{"line":283,"column":68}},"type":"cond-expr","locations":[{"start":{"line":283,"column":59},"end":{"line":283,"column":61}},{"start":{"line":283,"column":59},"end":{"line":283,"column":68}}]},"16":{"loc":{"start":{"line":283,"column":39},"end":{"line":283,"column":61}},"type":"binary-expr","locations":[{"start":{"line":283,"column":39},"end":{"line":283,"column":61}},{"start":{"line":283,"column":59},"end":{"line":283,"column":61}}]},"17":{"loc":{"start":{"line":283,"column":39},"end":{"line":283,"column":59}},"type":"cond-expr","locations":[{"start":{"line":283,"column":53},"end":{"line":283,"column":55}},{"start":{"line":283,"column":53},"end":{"line":283,"column":59}}]},"18":{"loc":{"start":{"line":283,"column":39},"end":{"line":283,"column":55}},"type":"binary-expr","locations":[{"start":{"line":283,"column":39},"end":{"line":283,"column":55}},{"start":{"line":283,"column":53},"end":{"line":283,"column":55}}]},"19":{"loc":{"start":{"line":307,"column":30},"end":{"line":307,"column":53}},"type":"binary-expr","locations":[{"start":{"line":307,"column":30},"end":{"line":307,"column":45}},{"start":{"line":307,"column":49},"end":{"line":307,"column":53}}]},"20":{"loc":{"start":{"line":307,"column":30},"end":{"line":307,"column":45}},"type":"cond-expr","locations":[{"start":{"line":307,"column":41},"end":{"line":307,"column":43}},{"start":{"line":307,"column":30},"end":{"line":307,"column":45}}]},"21":{"loc":{"start":{"line":307,"column":30},"end":{"line":307,"column":43}},"type":"binary-expr","locations":[{"start":{"line":307,"column":30},"end":{"line":307,"column":43}},{"start":{"line":307,"column":30},"end":{"line":307,"column":43}}]},"22":{"loc":{"start":{"line":313,"column":24},"end":{"line":313,"column":49}},"type":"binary-expr","locations":[{"start":{"line":313,"column":24},"end":{"line":313,"column":36}},{"start":{"line":313,"column":40},"end":{"line":313,"column":49}}]},"23":{"loc":{"start":{"line":314,"column":27},"end":{"line":314,"column":55}},"type":"binary-expr","locations":[{"start":{"line":314,"column":27},"end":{"line":314,"column":42}},{"start":{"line":314,"column":46},"end":{"line":314,"column":55}}]},"24":{"loc":{"start":{"line":334,"column":6},"end":{"line":336,"column":7}},"type":"if","locations":[{"start":{"line":334,"column":6},"end":{"line":336,"column":7}}]},"25":{"loc":{"start":{"line":361,"column":4},"end":{"line":363,"column":5}},"type":"if","locations":[{"start":{"line":361,"column":4},"end":{"line":363,"column":5}}]},"26":{"loc":{"start":{"line":365,"column":4},"end":{"line":367,"column":5}},"type":"if","locations":[{"start":{"line":365,"column":4},"end":{"line":367,"column":5}}]},"27":{"loc":{"start":{"line":365,"column":8},"end":{"line":365,"column":58}},"type":"binary-expr","locations":[{"start":{"line":365,"column":8},"end":{"line":365,"column":26}},{"start":{"line":365,"column":30},"end":{"line":365,"column":58}}]},"28":{"loc":{"start":{"line":369,"column":4},"end":{"line":371,"column":5}},"type":"if","locations":[{"start":{"line":369,"column":4},"end":{"line":371,"column":5}}]},"29":{"loc":{"start":{"line":369,"column":8},"end":{"line":369,"column":62}},"type":"binary-expr","locations":[{"start":{"line":369,"column":8},"end":{"line":369,"column":28}},{"start":{"line":369,"column":32},"end":{"line":369,"column":62}}]},"30":{"loc":{"start":{"line":373,"column":4},"end":{"line":375,"column":5}},"type":"if","locations":[{"start":{"line":373,"column":4},"end":{"line":375,"column":5}}]},"31":{"loc":{"start":{"line":373,"column":8},"end":{"line":373,"column":74}},"type":"binary-expr","locations":[{"start":{"line":373,"column":8},"end":{"line":373,"column":41}},{"start":{"line":373,"column":45},"end":{"line":373,"column":74}}]},"32":{"loc":{"start":{"line":377,"column":4},"end":{"line":379,"column":5}},"type":"if","locations":[{"start":{"line":377,"column":4},"end":{"line":379,"column":5}}]},"33":{"loc":{"start":{"line":388,"column":4},"end":{"line":388,"column":20}},"type":"default-arg","locations":[{"start":{"line":388,"column":19},"end":{"line":388,"column":20}}]},"34":{"loc":{"start":{"line":389,"column":4},"end":{"line":389,"column":22}},"type":"default-arg","locations":[{"start":{"line":389,"column":20},"end":{"line":389,"column":22}}]},"35":{"loc":{"start":{"line":390,"column":4},"end":{"line":390,"column":29}},"type":"default-arg","locations":[{"start":{"line":390,"column":27},"end":{"line":390,"column":29}}]},"36":{"loc":{"start":{"line":402,"column":6},"end":{"line":404,"column":7}},"type":"if","locations":[{"start":{"line":402,"column":6},"end":{"line":404,"column":7}}]},"37":{"loc":{"start":{"line":440,"column":4},"end":{"line":440,"column":20}},"type":"default-arg","locations":[{"start":{"line":440,"column":19},"end":{"line":440,"column":20}}]},"38":{"loc":{"start":{"line":441,"column":4},"end":{"line":441,"column":22}},"type":"default-arg","locations":[{"start":{"line":441,"column":20},"end":{"line":441,"column":22}}]},"39":{"loc":{"start":{"line":453,"column":6},"end":{"line":455,"column":7}},"type":"if","locations":[{"start":{"line":453,"column":6},"end":{"line":455,"column":7}}]},"40":{"loc":{"start":{"line":494,"column":30},"end":{"line":494,"column":53}},"type":"binary-expr","locations":[{"start":{"line":494,"column":30},"end":{"line":494,"column":45}},{"start":{"line":494,"column":49},"end":{"line":494,"column":53}}]},"41":{"loc":{"start":{"line":494,"column":30},"end":{"line":494,"column":45}},"type":"cond-expr","locations":[{"start":{"line":494,"column":41},"end":{"line":494,"column":43}},{"start":{"line":494,"column":30},"end":{"line":494,"column":45}}]},"42":{"loc":{"start":{"line":494,"column":30},"end":{"line":494,"column":43}},"type":"binary-expr","locations":[{"start":{"line":494,"column":30},"end":{"line":494,"column":43}},{"start":{"line":494,"column":30},"end":{"line":494,"column":43}}]},"43":{"loc":{"start":{"line":515,"column":17},"end":{"line":515,"column":88}},"type":"binary-expr","locations":[{"start":{"line":515,"column":17},"end":{"line":515,"column":46}},{"start":{"line":515,"column":50},"end":{"line":515,"column":88}}]},"44":{"loc":{"start":{"line":515,"column":17},"end":{"line":515,"column":46}},"type":"cond-expr","locations":[{"start":{"line":515,"column":37},"end":{"line":515,"column":39}},{"start":{"line":515,"column":37},"end":{"line":515,"column":46}}]},"45":{"loc":{"start":{"line":515,"column":17},"end":{"line":515,"column":39}},"type":"binary-expr","locations":[{"start":{"line":515,"column":17},"end":{"line":515,"column":39}},{"start":{"line":515,"column":37},"end":{"line":515,"column":39}}]},"46":{"loc":{"start":{"line":515,"column":17},"end":{"line":515,"column":37}},"type":"cond-expr","locations":[{"start":{"line":515,"column":31},"end":{"line":515,"column":33}},{"start":{"line":515,"column":31},"end":{"line":515,"column":37}}]},"47":{"loc":{"start":{"line":515,"column":17},"end":{"line":515,"column":33}},"type":"binary-expr","locations":[{"start":{"line":515,"column":17},"end":{"line":515,"column":33}},{"start":{"line":515,"column":31},"end":{"line":515,"column":33}}]},"48":{"loc":{"start":{"line":557,"column":17},"end":{"line":557,"column":91}},"type":"binary-expr","locations":[{"start":{"line":557,"column":17},"end":{"line":557,"column":46}},{"start":{"line":557,"column":50},"end":{"line":557,"column":91}}]},"49":{"loc":{"start":{"line":557,"column":17},"end":{"line":557,"column":46}},"type":"cond-expr","locations":[{"start":{"line":557,"column":37},"end":{"line":557,"column":39}},{"start":{"line":557,"column":37},"end":{"line":557,"column":46}}]},"50":{"loc":{"start":{"line":557,"column":17},"end":{"line":557,"column":39}},"type":"binary-expr","locations":[{"start":{"line":557,"column":17},"end":{"line":557,"column":39}},{"start":{"line":557,"column":37},"end":{"line":557,"column":39}}]},"51":{"loc":{"start":{"line":557,"column":17},"end":{"line":557,"column":37}},"type":"cond-expr","locations":[{"start":{"line":557,"column":31},"end":{"line":557,"column":33}},{"start":{"line":557,"column":31},"end":{"line":557,"column":37}}]},"52":{"loc":{"start":{"line":557,"column":17},"end":{"line":557,"column":33}},"type":"binary-expr","locations":[{"start":{"line":557,"column":17},"end":{"line":557,"column":33}},{"start":{"line":557,"column":31},"end":{"line":557,"column":33}}]},"53":{"loc":{"start":{"line":580,"column":17},"end":{"line":580,"column":91}},"type":"binary-expr","locations":[{"start":{"line":580,"column":17},"end":{"line":580,"column":46}},{"start":{"line":580,"column":50},"end":{"line":580,"column":91}}]},"54":{"loc":{"start":{"line":580,"column":17},"end":{"line":580,"column":46}},"type":"cond-expr","locations":[{"start":{"line":580,"column":37},"end":{"line":580,"column":39}},{"start":{"line":580,"column":37},"end":{"line":580,"column":46}}]},"55":{"loc":{"start":{"line":580,"column":17},"end":{"line":580,"column":39}},"type":"binary-expr","locations":[{"start":{"line":580,"column":17},"end":{"line":580,"column":39}},{"start":{"line":580,"column":37},"end":{"line":580,"column":39}}]},"56":{"loc":{"start":{"line":580,"column":17},"end":{"line":580,"column":37}},"type":"cond-expr","locations":[{"start":{"line":580,"column":31},"end":{"line":580,"column":33}},{"start":{"line":580,"column":31},"end":{"line":580,"column":37}}]},"57":{"loc":{"start":{"line":580,"column":17},"end":{"line":580,"column":33}},"type":"binary-expr","locations":[{"start":{"line":580,"column":17},"end":{"line":580,"column":33}},{"start":{"line":580,"column":31},"end":{"line":580,"column":33}}]},"58":{"loc":{"start":{"line":614,"column":27},"end":{"line":614,"column":84}},"type":"binary-expr","locations":[{"start":{"line":614,"column":27},"end":{"line":614,"column":44}},{"start":{"line":614,"column":48},"end":{"line":614,"column":84}}]},"59":{"loc":{"start":{"line":616,"column":6},"end":{"line":621,"column":7}},"type":"if","locations":[{"start":{"line":616,"column":6},"end":{"line":621,"column":7}}]},"60":{"loc":{"start":{"line":640,"column":17},"end":{"line":640,"column":103}},"type":"binary-expr","locations":[{"start":{"line":640,"column":17},"end":{"line":640,"column":46}},{"start":{"line":640,"column":50},"end":{"line":640,"column":103}}]},"61":{"loc":{"start":{"line":640,"column":17},"end":{"line":640,"column":46}},"type":"cond-expr","locations":[{"start":{"line":640,"column":37},"end":{"line":640,"column":39}},{"start":{"line":640,"column":37},"end":{"line":640,"column":46}}]},"62":{"loc":{"start":{"line":640,"column":17},"end":{"line":640,"column":39}},"type":"binary-expr","locations":[{"start":{"line":640,"column":17},"end":{"line":640,"column":39}},{"start":{"line":640,"column":37},"end":{"line":640,"column":39}}]},"63":{"loc":{"start":{"line":640,"column":17},"end":{"line":640,"column":37}},"type":"cond-expr","locations":[{"start":{"line":640,"column":31},"end":{"line":640,"column":33}},{"start":{"line":640,"column":31},"end":{"line":640,"column":37}}]},"64":{"loc":{"start":{"line":640,"column":17},"end":{"line":640,"column":33}},"type":"binary-expr","locations":[{"start":{"line":640,"column":17},"end":{"line":640,"column":33}},{"start":{"line":640,"column":31},"end":{"line":640,"column":33}}]},"65":{"loc":{"start":{"line":663,"column":17},"end":{"line":663,"column":106}},"type":"binary-expr","locations":[{"start":{"line":663,"column":17},"end":{"line":663,"column":46}},{"start":{"line":663,"column":50},"end":{"line":663,"column":106}}]},"66":{"loc":{"start":{"line":663,"column":17},"end":{"line":663,"column":46}},"type":"cond-expr","locations":[{"start":{"line":663,"column":37},"end":{"line":663,"column":39}},{"start":{"line":663,"column":37},"end":{"line":663,"column":46}}]},"67":{"loc":{"start":{"line":663,"column":17},"end":{"line":663,"column":39}},"type":"binary-expr","locations":[{"start":{"line":663,"column":17},"end":{"line":663,"column":39}},{"start":{"line":663,"column":37},"end":{"line":663,"column":39}}]},"68":{"loc":{"start":{"line":663,"column":17},"end":{"line":663,"column":37}},"type":"cond-expr","locations":[{"start":{"line":663,"column":31},"end":{"line":663,"column":33}},{"start":{"line":663,"column":31},"end":{"line":663,"column":37}}]},"69":{"loc":{"start":{"line":663,"column":17},"end":{"line":663,"column":33}},"type":"binary-expr","locations":[{"start":{"line":663,"column":17},"end":{"line":663,"column":33}},{"start":{"line":663,"column":31},"end":{"line":663,"column":33}}]},"70":{"loc":{"start":{"line":683,"column":17},"end":{"line":683,"column":106}},"type":"binary-expr","locations":[{"start":{"line":683,"column":17},"end":{"line":683,"column":46}},{"start":{"line":683,"column":50},"end":{"line":683,"column":106}}]},"71":{"loc":{"start":{"line":683,"column":17},"end":{"line":683,"column":46}},"type":"cond-expr","locations":[{"start":{"line":683,"column":37},"end":{"line":683,"column":39}},{"start":{"line":683,"column":37},"end":{"line":683,"column":46}}]},"72":{"loc":{"start":{"line":683,"column":17},"end":{"line":683,"column":39}},"type":"binary-expr","locations":[{"start":{"line":683,"column":17},"end":{"line":683,"column":39}},{"start":{"line":683,"column":37},"end":{"line":683,"column":39}}]},"73":{"loc":{"start":{"line":683,"column":17},"end":{"line":683,"column":37}},"type":"cond-expr","locations":[{"start":{"line":683,"column":31},"end":{"line":683,"column":33}},{"start":{"line":683,"column":31},"end":{"line":683,"column":37}}]},"74":{"loc":{"start":{"line":683,"column":17},"end":{"line":683,"column":33}},"type":"binary-expr","locations":[{"start":{"line":683,"column":17},"end":{"line":683,"column":33}},{"start":{"line":683,"column":31},"end":{"line":683,"column":33}}]}},"s":{"0":1,"1":1,"2":1,"3":2,"4":2,"5":1,"6":1,"7":1,"8":1,"9":1,"10":3,"11":3,"12":2,"13":2,"14":0,"15":3,"16":3,"17":3,"18":3,"19":3,"20":3,"21":3,"22":2,"23":2,"24":2,"25":2,"26":2,"27":2,"28":1,"29":1,"30":1,"31":1,"32":1,"33":0,"34":1,"35":2,"36":2,"37":2,"38":2,"39":2,"40":1,"41":2,"42":2,"43":2,"44":2,"45":2,"46":0,"47":2,"48":0,"49":2,"50":2,"51":3,"52":3,"53":0,"54":3,"55":1,"56":3,"57":0,"58":3,"59":0,"60":3,"61":0,"62":3,"63":3,"64":3,"65":3,"66":3,"67":3,"68":1,"69":3,"70":2,"71":1,"72":1,"73":3,"74":3,"75":3,"76":3,"77":1,"78":3,"79":2,"80":1,"81":1,"82":2,"83":2,"84":2,"85":2,"86":1,"87":1,"88":1,"89":3,"90":3,"91":2,"92":1,"93":1,"94":2,"95":2,"96":1,"97":1,"98":1,"99":2,"100":2,"101":1,"102":1,"103":1,"104":2,"105":2,"106":1,"107":1,"108":1,"109":2,"110":2,"111":2,"112":0,"113":2,"114":2,"115":1,"116":1,"117":1,"118":2,"119":2,"120":1,"121":1,"122":1,"123":2,"124":2,"125":1,"126":1,"127":1,"128":1},"f":{"0":2,"1":1,"2":3,"3":3,"4":2,"5":2,"6":2,"7":3,"8":3,"9":3,"10":3,"11":3,"12":2,"13":3,"14":2,"15":2,"16":2,"17":2,"18":2,"19":2},"b":{"0":[1,1],"1":[1,0],"2":[1,1],"3":[2,0],"4":[0,0],
[...]
:{"line":355,"column":8}},"loc":{"start":{"line":358,"column":25},"end":{"line":370,"column":null}}},"14":{"name":"(anonymous_35)","decl":{"start":{"line":372,"column":2},"end":{"line":372,"column":8}},"loc":{"start":{"line":379,"column":5},"end":{"line":396,"column":null}}},"15":{"name":"(anonymous_37)","decl":{"start":{"line":402,"column":2},"end":{"line":402,"column":8}},"loc":{"start":{"line":402,"column":46},"end":{"line":413,"column":null}}},"16":{"name":"(anonymous_39)","decl":{"start":{"line":415,"column":2},"end":{"line":415,"column":8}},"loc":{"start":{"line":424,"column":5},"end":{"line":443,"column":null}}},"17":{"name":"(anonymous_41)","decl":{"start":{"line":445,"column":2},"end":{"line":445,"column":8}},"loc":{"start":{"line":445,"column":37},"end":{"line":455,"column":null}}},"18":{"name":"(anonymous_43)","decl":{"start":{"line":457,"column":2},"end":{"line":457,"column":8}},"loc":{"start":{"line":457,"column":36},"end":{"line":464,"column":null}}},"19":{"name":"(anonymous_45)","decl":{"start":{"line":466,"column":2},"end":{"line":466,"column":8}},"loc":{"start":{"line":471,"column":5},"end":{"line":486,"column":null}}}},"branchMap":{"0":{"loc":{"start":{"line":220,"column":6},"end":{"line":220,"column":93}},"type":"if","locations":[{"start":{"line":220,"column":6},"end":{"line":220,"column":93}}]},"1":{"loc":{"start":{"line":220,"column":10},"end":{"line":220,"column":30}},"type":"cond-expr","locations":[{"start":{"line":220,"column":17},"end":{"line":220,"column":19}},{"start":{"line":220,"column":10},"end":{"line":220,"column":30}}]},"2":{"loc":{"start":{"line":220,"column":10},"end":{"line":220,"column":19}},"type":"binary-expr","locations":[{"start":{"line":220,"column":10},"end":{"line":220,"column":19}},{"start":{"line":220,"column":10},"end":{"line":220,"column":19}}]},"3":{"loc":{"start":{"line":221,"column":6},"end":{"line":221,"column":67}},"type":"if","locations":[{"start":{"line":221,"column":6},"end":{"line":221,"column":67}}]},"4":{"loc":{"start":{"line":221,"column":10},"end":{"line":221,"column":25}},"type":"cond-expr","locations":[{"start":{"line":221,"column":17},"end":{"line":221,"column":19}},{"start":{"line":221,"column":10},"end":{"line":221,"column":25}}]},"5":{"loc":{"start":{"line":221,"column":10},"end":{"line":221,"column":19}},"type":"binary-expr","locations":[{"start":{"line":221,"column":10},"end":{"line":221,"column":19}},{"start":{"line":221,"column":10},"end":{"line":221,"column":19}}]},"6":{"loc":{"start":{"line":222,"column":6},"end":{"line":222,"column":89}},"type":"if","locations":[{"start":{"line":222,"column":6},"end":{"line":222,"column":89}}]},"7":{"loc":{"start":{"line":222,"column":10},"end":{"line":222,"column":24}},"type":"cond-expr","locations":[{"start":{"line":222,"column":17},"end":{"line":222,"column":19}},{"start":{"line":222,"column":10},"end":{"line":222,"column":24}}]},"8":{"loc":{"start":{"line":222,"column":10},"end":{"line":222,"column":19}},"type":"binary-expr","locations":[{"start":{"line":222,"column":10},"end":{"line":222,"column":19}},{"start":{"line":222,"column":10},"end":{"line":222,"column":19}}]},"9":{"loc":{"start":{"line":295,"column":6},"end":{"line":295,"column":98}},"type":"if","locations":[{"start":{"line":295,"column":6},"end":{"line":295,"column":98}}]},"10":{"loc":{"start":{"line":295,"column":10},"end":{"line":295,"column":27}},"type":"cond-expr","locations":[{"start":{"line":295,"column":17},"end":{"line":295,"column":19}},{"start":{"line":295,"column":10},"end":{"line":295,"column":27}}]},"11":{"loc":{"start":{"line":295,"column":10},"end":{"line":295,"column":19}},"type":"binary-expr","locations":[{"start":{"line":295,"column":10},"end":{"line":295,"column":19}},{"start":{"line":295,"column":10},"end":{"line":295,"column":19}}]},"12":{"loc":{"start":{"line":296,"column":6},"end":{"line":296,"column":93}},"type":"if","locations":[{"start":{"line":296,"column":6},"end":{"line":296,"column":93}}]},"13":{"loc":{"start":{"line":296,"column":10},"end":{"line":296,"column":30}},"type":"cond-expr","locations":[{"start":{"line":296,"column":17},"end":{"line":296,"column":19}},{"start":{"line":296,"column":10},"end":{"line":296,"column":30}}]},"14":{"loc":{"start":{"line":296,"column":10},"end":{"line":296,"column":19}},"type":"binary-expr","locations":[{"start":{"line":296,"column":10},"end":{"line":296,"column":19}},{"start":{"line":296,"column":10},"end":{"line":296,"column":19}}]},"15":{"loc":{"start":{"line":297,"column":6},"end":{"line":297,"column":67}},"type":"if","locations":[{"start":{"line":297,"column":6},"end":{"line":297,"column":67}}]},"16":{"loc":{"start":{"line":297,"column":10},"end":{"line":297,"column":25}},"type":"cond-expr","locations":[{"start":{"line":297,"column":17},"end":{"line":297,"column":19}},{"start":{"line":297,"column":10},"end":{"line":297,"column":25}}]},"17":{"loc":{"start":{"line":297,"column":10},"end":{"line":297,"column":19}},"type":"binary-expr","locations":[{"start":{"line":297,"column":10},"end":{"line":297,"column":19}},{"start":{"line":297,"column":10},"end":{"line":297,"column":19}}]},"18":{"loc":{"start":{"line":383,"column":6},"end":{"line":383,"column":87}},"type":"if","locations":[{"start":{"line":383,"column":6},"end":{"line":383,"column":87}}]},"19":{"loc":{"start":{"line":383,"column":10},"end":{"line":383,"column":28}},"type":"cond-expr","locations":[{"start":{"line":383,"column":17},"end":{"line":383,"column":19}},{"start":{"line":383,"column":10},"end":{"line":383,"column":28}}]},"20":{"loc":{"start":{"line":383,"column":10},"end":{"line":383,"column":19}},"type":"binary-expr","locations":[{"start":{"line":383,"column":10},"end":{"line":383,"column":19}},{"start":{"line":383,"column":10},"end":{"line":383,"column":19}}]},"21":{"loc":{"start":{"line":384,"column":6},"end":{"line":384,"column":61}},"type":"if","locations":[{"start":{"line":384,"column":6},"end":{"line":384,"column":61}}]},"22":{"loc":{"start":{"line":384,"column":10},"end":{"line":384,"column":23}},"type":"cond-expr","locations":[{"start":{"line":384,"column":17},"end":{"line":384,"column":19}},{"start":{"line":384,"column":10},"end":{"line":384,"column":23}}]},"23":{"loc":{"start":{"line":384,"column":10},"end":{"line":384,"column":19}},"type":"binary-expr","locations":[{"start":{"line":384,"column":10},"end":{"line":384,"column":19}},{"start":{"line":384,"column":10},"end":{"line":384,"column":19}}]},"24":{"loc":{"start":{"line":385,"column":6},"end":{"line":385,"column":76}},"type":"if","locations":[{"start":{"line":385,"column":6},"end":{"line":385,"column":76}}]},"25":{"loc":{"start":{"line":385,"column":10},"end":{"line":385,"column":28}},"type":"cond-expr","locations":[{"start":{"line":385,"column":17},"end":{"line":385,"column":19}},{"start":{"line":385,"column":10},"end":{"line":385,"column":28}}]},"26":{"loc":{"start":{"line":385,"column":10},"end":{"line":385,"column":19}},"type":"binary-expr","locations":[{"start":{"line":385,"column":10},"end":{"line":385,"column":19}},{"start":{"line":385,"column":10},"end":{"line":385,"column":19}}]},"27":{"loc":{"start":{"line":386,"column":6},"end":{"line":386,"column":70}},"type":"if","locations":[{"start":{"line":386,"column":6},"end":{"line":386,"column":70}}]},"28":{"loc":{"start":{"line":386,"column":10},"end":{"line":386,"column":26}},"type":"cond-expr","locations":[{"start":{"line":386,"column":17},"end":{"line":386,"column":19}},{"start":{"line":386,"column":10},"end":{"line":386,"column":26}}]},"29":{"loc":{"start":{"line":386,"column":10},"end":{"line":386,"column":19}},"type":"binary-expr","locations":[{"start":{"line":386,"column":10},"end":{"line":386,"column":19}},{"start":{"line":386,"column":10},"end":{"line":386,"column":19}}]},"30":{"loc":{"start":{"line":428,"column":6},"end":{"line":428,"column":76}},"type":"if","locations":[{"start":{"line":428,"column":6},"end":{"line":428,"column":76}}]},"31":{"loc":{"start":{"line":428,"column":10},"end":{"line":428,"column":28}},"type":"cond-expr","locations":[{"start":{"line":428,"column":17},"end":{"line":428,"column":19}},{"start":{"line":428,"column":10},"end":{"line":428,"column":28}}]},"32":{"loc":{"start":{"line":428,"column":10},"end":{"line":428,"column":19}},"type":"binary-expr","locations":[{"start":{"line":428,"column":10},"end":{"line":428,"column":19}},{"start":{"line":428,"column":10},"end":{"line":428,"column":19}}]},"33":{"loc":{"start":{"line":429,"column":6},"end":{"line":429,"column":70}},"type":"if","locations":[{"start":{"line":429,"column":6},"end":{"line":429,"column":70}}]},"34":{"loc":{"start":{"line":429,"column":10},"end":{"line":429,"column":26}},"type":"cond-expr","locations":[{"start":{"line":429,"column":17},"end":{"line":429,"column":19}},{"start":{"line":429,"column":10},"end":{"line":429,"column":26}}]},"35":{"loc":{"start":{"line":429,"column":10},"end":{"line":429,"column":19}},"type":"binary-expr","locations":[{"start":{"line":429,"column":10},"end":{"line":429,"column":19}},{"start":{"line":429,"column":10},"end":{"line":429,"column":19}}]},"36":{"loc":{"start":{"line":430,"column":6},"end":{"line":430,"column":96}},"type":"if","locations":[{"start":{"line":430,"column":6},"end":{"line":430,"column":96}}]},"37":{"loc":{"start":{"line":430,"column":10},"end":{"line":430,"column":31}},"type":"cond-expr","locations":[{"start":{"line":430,"column":17},"end":{"line":430,"column":19}},{"start":{"line":430,"column":10},"end":{"line":430,"column":31}}]},"38":{"loc":{"start":{"line":430,"column":10},"end":{"line":430,"column":19}},"type":"binary-expr","locations":[{"start":{"line":430,"column":10},"end":{"line":430,"column":19}},{"start":{"line":430,"column":10},"end":{"line":430,"column":19}}]},"39":{"loc":{"start":{"line":431,"column":6},"end":{"line":431,"column":99}},"type":"if","locations":[{"start":{"line":431,"column":6},"end":{"line":431,"column":99}}]},"40":{"loc":{"start":{"line":431,"column":10},"end":{"line":431,"column":32}},"type":"cond-expr","locations":[{"start":{"line":431,"column":17},"end":{"line":431,"column":19}},{"start":{"line":431,"column":10},"end":{"line":431,"column":32}}]},"41":{"loc":{"start":{"line":431,"column":10},"end":{"line":431,"column":19}},"type":"binary-expr","locations":[{"start":{"line":431,"column":10},"end":{"line":431,"column":19}},{"start":{"line":431,"column":10},"end":{"line":431,"column":19}}]},"42":{"loc":{"start":{"line":432,"column":6},"end":{"line":432,"column":72}},"type":"if","locations":[{"start":{"line":432,"column":6},"end":{"line":432,"column":72}}]},"43":{"loc":{"start":{"line":432,"column":10},"end":{"line":432,"column":23}},"type":"cond-expr","locations":[{"start":{"line":432,"column":17},"end":{"line":432,"column":19}},{"start":{"line":432,"column":10},"end":{"line":432,"column":23}}]},"44":{"loc":{"start":{"line":432,"column":10},"end":{"line":432,"column":19}},"type":"binary-expr","locations":[{"start":{"line":432,"column":10},"end":{"line":432,"column":19}},{"start":{"line":432,"column":10},"end":{"line":432,"column":19}}]},"45":{"loc":{"start":{"line":433,"column":6},"end":{"line":433,"column":75}},"type":"if","locations":[{"start":{"line":433,"column":6},"end":{"line":433,"column":75}}]},"46":{"loc":{"start":{"line":433,"column":10},"end":{"line":433,"column":24}},"type":"cond-expr","locations":[{"start":{"line":433,"column":17},"end":{"line":433,"column":19}},{"start":{"line":433,"column":10},"end":{"line":433,"column":24}}]},"47":{"loc":{"start":{"line":433,"column":10},"end":{"line":433,"column":19}},"type":"binary-expr","locations":[{"start":{"line":433,"column":10},"end":{"line":433,"column":19}},{"start":{"line":433,"column":10},"end":{"line":433,"column":19}}]},"48":{"loc":{"start":{"line":475,"column":6},"end":{"line":475,"column":76}},"type":"if","locations":[{"start":{"line":475,"column":6},"end":{"line":475,"column":76}}]},"49":{"loc":{"start":{"line":475,"column":10},"end":{"line":475,"column":28}},"type":"cond-expr","locations":[{"start":{"line":475,"column":17},"end":{"line":475,"column":19}},{"start":{"line":475,"column":10},"end":{"line":475,"column":28}}]},"50":{"loc":{"start":{"line":475,"column":10},"end":{"line":475,"column":19}},"type":"binary-expr","locations":[{"start":{"line":475,"column":10},"end":{"line":475,"column":19}},{"start":{"line":475,"column":10},"end":{"line":475,"column":19}}]},"51":{"loc":{"start":{"line":476,"column":6},"end":{"line":476,"column":70}},"type":"if","locations":[{"start":{"line":476,"column":6},"end":{"line":476,"column":70}}]},"52":{"loc":{"start":{"line":476,"column":10},"end":{"line":476,"column":26}},"type":"cond-expr","locations":[{"start":{"line":476,"column":17},"end":{"line":476,"column":19}},{"start":{"line":476,"column":10},"end":{"line":476,"column":26}}]},"53":{"loc":{"start":{"line":476,"column":10},"end":{"line":476,"column":19}},"type":"binary-expr","locations":[{"start":{"line":476,"column":10},"end":{"line":476,"column":19}},{"start":{"line":476,"column":10},"end":{"line":476,"column":19}}]}},"s":{"0":1,"1":2,"2":2,"3":1,"4":1,"5":1,"6":1,"7":1,"8":1,"9":0,"10":0,"11":1,"12":1,"13":1,"14":0,"15":0,"16":1,"17":1,"18":0,"19":0,"20":3,"21":3,"22":3,"23":1,"24":3,"25":1,"26":3,"27":1,"28":3,"29":3,"30":0,"31":0,"32":1,"33":1,"34":1,"35":0,"36":0,"37":1,"38":1,"39":1,"40":0,"41":0,"42":1,"43":1,"44":1,"45":0,"46":0,"47":1,"48":1,"49":0,"50":0,"51":4,"52":4,"53":4,"54":1,"55":4,"56":1,"57":4,"58":1,"59":4,"60":3,"61":1,"62":1,"63":2,"64":2,"65":1,"66":1,"67":1,"68":2,"69":2,"70":1,"71":1,"72":1,"73":2,"74":2,"75":1,"76":1,"77":1,"78":2,"79":2,"80":1,"81":1,"82":1,"83":3,"84":3,"85":3,"86":1,"87":3,"88":1,"89":3,"90":1,"91":3,"92":1,"93":3,"94":2,"95":1,"96":1,"97":2,"98":2,"99":1,"100":1,"101":1,"102":3,"103":3,"104":3,"105":1,"106":3,"107":1,"108":3,"109":1,"110":3,"111":1,"112":3,"113":1,"114":3,"115":1,"116":3,"117":2,"118":1,"119":1,"120":2,"121":2,"122":1,"123":1,"124":1,"125":2,"126":2,"127":1,"128":1,"129":3,"130":3,"131":3,"132":1,"133":3,"134":1,"135":3,"136":2,"137":1,"138":1,"139":1},"f":{"0":2,"1":1,"2":1,"3":1,"4":3,"5":1,"6":1,"7":1,"8":1,"9":4,"10":2,"11":2,"12":2,"13":2,"14":3,"15":2,"16":3,"17":2,"18":2,"19":3},"b":{"0":[1],"1":[1,2],"2":[3,3],"3":[1],"4":[1,2],"5":[3,3],"6":[1],"7":[1,2],"8":[3,3],"9":[1],"10":[2,2],"11":[4,4],"12":[1],"13":[2,2],"14":[4,4],"15":[1],"16":[2,2],"17":[4,4],"18":[1],"19":[2,1],"20":[3,3],"21":[1],"22":[2,1],"23":[3,3],"24":[1],"25":[2,1],"26":[3,3],"27":[1],"28":[2,1],"29":[3,3],"30":[1],"31":[2,1],"32":[3,3],"33":[1],"34":[2,1],"35":[3,3],"36":[1],"37":[2,1],"38":[3,3],"39":[1],"40":[2,1],"41":[3,3],"42":[1],"43":[2,1],"44":[3,3],"45":[1],"46":[2,1],"47":[3,3],"48":[1],"49":[2,1],"50":[3,3],"51":[1],"52":[2,1],"53":[3,3]}}
,"C:\\Users\\abduk\\Documents\\ProProject\\Yessal\\manager-app-yessal\\src\\utils\\pwa.ts": {"path":"C:\\Users\\abduk\\Documents\\ProProject\\Yessal\\manager-app-yessal\\src\\utils\\pwa.ts","statementMap":{"0":{"start":{"line":2,"column":26},"end":{"line":28,"column":1}},"1":{"start":{"line":3,"column":2},"end":{"line":27,"column":3}},"2":{"start":{"line":4,"column":4},"end":{"line":26,"column":7}},"3":{"start":{"line":5,"column":6},"end":{"line":25,"column":11}},"4":{"start":{"line":8,"column":10},"end":{"line":21,"column":13}},"5":{"start":{"line":9,"column":30},"end":{"line":9,"column":53}},"6":{"start":{"line":10,"column":12},"end":{"line":20,"column":13}},"7":{"start":{"line":11,"column":14},"end":{"line":19,"column":17}},"8":{"start":{"line":12,"column":16},"end":{"line":18,"column":17}},"9":{"start":{"line":14,"column":18},"end":{"line":17,"column":19}},"10":{"start":{"line":15,"column":20},"end":{"line":15,"column":68}},"11":{"start":{"line":16,"column":20},"end":{"line":16,"column":45}},"12":{"start":{"line":24,"column":10},"end":{"line":24,"column":69}},"13":{"start":{"line":2,"column":13},"end":{"line":2,"column":26}}},"fnMap":{"0":{"name":"(anonymous_0)","decl":{"start":{"line":2,"column":26},"end":{"line":2,"column":29}},"loc":{"start":{"line":2,"column":31},"end":{"line":28,"column":1}}},"1":{"name":"(anonymous_1)","decl":{"start":{"line":4,"column":36},"end":{"line":4,"column":39}},"loc":{"start":{"line":4,"column":41},"end":{"line":26,"column":5}}},"2":{"name":"(anonymous_2)","decl":{"start":{"line":6,"column":14},"end":{"line":6,"column":15}},"loc":{"start":{"line":6,"column":31},"end":{"line":22,"column":9}}},"3":{"name":"(anonymous_3)","decl":{"start":{"line":8,"column":55},"end":{"line":8,"column":58}},"loc":{"start":{"line":8,"column":60},"end":{"line":21,"column":11}}},"4":{"name":"(anonymous_4)","decl":{"start":{"line":11,"column":56},"end":{"line":11,"column":59}},"loc":{"start":{"line":11,"column":61},"end":{"line":19,"column":15}}},"5":{"name":"(anonymous_5)","decl":{"start":{"line":23,"column":15},"end":{"line":23,"column":16}},"loc":{"start":{"line":23,"column":37},"end":{"line":25,"column":9}}}},"branchMap":{"0":{"loc":{"start":{"line":3,"column":2},"end":{"line":27,"column":3}},"type":"if","locations":[{"start":{"line":3,"column":2},"end":{"line":27,"column":3}}]},"1":{"loc":{"start":{"line":10,"column":12},"end":{"line":20,"column":13}},"type":"if","locations":[{"start":{"line":10,"column":12},"end":{"line":20,"column":13}}]},"2":{"loc":{"start":{"line":12,"column":16},"end":{"line":18,"column":17}},"type":"if","locations":[{"start":{"line":12,"column":16},"end":{"line":18,"column":17}}]},"3":{"loc":{"start":{"line":12,"column":20},"end":{"line":12,"column":89}},"type":"binary-expr","locations":[{"start":{"line":12,"column":20},"end":{"line":12,"column":51}},{"start":{"line":12,"column":55},"end":{"line":12,"column":89}}]},"4":{"loc":{"start":{"line":14,"column":18},"end":{"line":17,"column":19}},"type":"if","locations":[{"start":{"line":14,"column":18},"end":{"line":17,"column":19}}]}},"s":{"0":0,"1":0,"2":0,"3":0,"4":0,"5":0,"6":0,"7":0,"8":0,"9":0,"10":0,"11":0,"12":0,"13":0},"f":{"0":0,"1":0,"2":0,"3":0,"4":0,"5":0},"b":{"0":[0],"1":[0],"2":[0],"3":[0,0],"4":[0]}}
,"C:\\Users\\abduk\\Documents\\ProProject\\Yessal\\manager-app-yessal\\src\\utils\\qrCodeScanner.ts": {"path":"C:\\Users\\abduk\\Documents\\ProProject\\Yessal\\manager-app-yessal\\src\\utils\\qrCodeScanner.ts","statementMap":{"0":{"start":{"line":5,"column":30},"end":{"line":13,"column":2}},"1":{"start":{"line":5,"column":58},"end":{"line":13,"column":2}},"2":{"start":{"line":7,"column":2},"end":{"line":12,"column":5}},"3":{"start":{"line":8,"column":4},"end":{"line":11,"column":13}},"4":{"start":{"line":10,"column":6},"end":{"line":10,"column":19}},"5":{"start":{"line":5,"column":13},"end":{"line":5,"column":30}},"6":{"start":{"line":15,"column":31},"end":{"line":26,"column":1}},"7":{"start":{"line":18,"column":2},"end":{"line":25,"column":3}},"8":{"start":{"line":19,"column":4},"end":{"line":21,"column":6}},"9":{"start":{"line":23,"column":4},"end":{"line":23,"column":65}},"10":{"start":{"line":24,"column":4},"end":{"line":24,"column":16}},"11":{"start":{"line":15,"column":13},"end":{"line":15,"column":31}}},"fnMap":{"0":{"name":"(anonymous_7)","decl":{"start":{"line":5,"column":30},"end":{"line":5,"column":56}},"loc":{"start":{"line":5,"column":58},"end":{"line":13,"column":2}}},"1":{"name":"(anonymous_8)","decl":{"start":{"line":5,"column":58},"end":{"line":5,"column":null}},"loc":{"start":{"line":5,"column":58},"end":{"line":13,"column":1}}},"2":{"name":"(anonymous_9)","decl":{"start":{"line":7,"column":21},"end":{"line":7,"column":22}},"loc":{"start":{"line":7,"column":41},"end":{"line":12,"column":3}}},"3":{"name":"(anonymous_10)","decl":{"start":{"line":8,"column":15},"end":{"line":8,"column":18}},"loc":{"start":{"line":8,"column":20},"end":{"line":11,"column":5}}},"4":{"name":"(anonymous_11)","decl":{"start":{"line":15,"column":31},"end":{"line":15,"column":32}},"loc":{"start":{"line":15,"column":77},"end":{"line":26,"column":1}}}},"branchMap":{},"s":{"0":0,"1":0,"2":0,"3":0,"4":0,"5":0,"6":0,"7":0,"8":0,"9":0,"10":0,"11":0},"f":{"0":0,"1":0,"2":0,"3":0,"4":0},"b":{}}
}
