TN:
SF:src\components\ui\aspect-ratio.tsx
FNF:0
FNH:0
DA:1,0
DA:3,0
DA:5,0
LF:3
LH:0
BRF:0
BRH:0
end_of_record
TN:
SF:src\components\ui\collapsible.tsx
FNF:0
FNH:0
DA:1,0
DA:3,0
DA:5,0
DA:7,0
DA:9,0
LF:5
LH:0
BRF:0
BRH:0
end_of_record
TN:
SF:src\components\ui\use-toast.ts
FN:3,(anonymous_0)
FN:3,(anonymous_1)
FNF:2
FNH:0
FNDA:0,(anonymous_0)
FNDA:0,(anonymous_1)
DA:1,0
DA:3,0
LF:2
LH:0
BRF:0
BRH:0
end_of_record
TN:
SF:src\hooks\use-mobile.tsx
FN:5,useIsMobile
FN:8,(anonymous_1)
FN:10,(anonymous_2)
FN:15,(anonymous_3)
FNF:4
FNH:0
FNDA:0,useIsMobile
FNDA:0,(anonymous_1)
FNDA:0,(anonymous_2)
FNDA:0,(anonymous_3)
DA:1,0
DA:3,0
DA:5,0
DA:6,0
DA:8,0
DA:9,0
DA:10,0
DA:11,0
DA:13,0
DA:14,0
DA:15,0
DA:18,0
LF:12
LH:0
BRF:0
BRH:0
end_of_record
TN:
SF:src\hooks\useAuth.ts
FN:15,(anonymous_0)
FN:19,(anonymous_1)
FN:20,(anonymous_2)
FN:24,(anonymous_3)
FN:25,(anonymous_4)
FNF:5
FNH:0
FNDA:0,(anonymous_0)
FNDA:0,(anonymous_1)
FNDA:0,(anonymous_2)
FNDA:0,(anonymous_3)
FNDA:0,(anonymous_4)
DA:1,0
DA:2,0
DA:13,0
DA:15,0
DA:19,0
DA:20,0
DA:24,0
DA:25,0
LF:8
LH:0
BRF:0
BRH:0
end_of_record
TN:
SF:src\hooks\usePWA.ts
FN:12,(anonymous_7)
FN:25,(anonymous_8)
FN:37,(anonymous_9)
FN:46,(anonymous_10)
FN:49,(anonymous_11)
FN:55,(anonymous_12)
FN:66,(anonymous_13)
FN:67,(anonymous_14)
FN:76,(anonymous_15)
FN:77,(anonymous_16)
FN:89,(anonymous_17)
FN:95,(anonymous_18)
FN:95,(anonymous_19)
FN:98,(anonymous_20)
FN:120,(anonymous_21)
FN:124,(anonymous_22)
FN:125,(anonymous_23)
FN:136,(anonymous_24)
FN:137,(anonymous_25)
FNF:19
FNH:0
FNDA:0,(anonymous_7)
FNDA:0,(anonymous_8)
FNDA:0,(anonymous_9)
FNDA:0,(anonymous_10)
FNDA:0,(anonymous_11)
FNDA:0,(anonymous_12)
FNDA:0,(anonymous_13)
FNDA:0,(anonymous_14)
FNDA:0,(anonymous_15)
FNDA:0,(anonymous_16)
FNDA:0,(anonymous_17)
FNDA:0,(anonymous_18)
FNDA:0,(anonymous_19)
FNDA:0,(anonymous_20)
FNDA:0,(anonymous_21)
FNDA:0,(anonymous_22)
FNDA:0,(anonymous_23)
FNDA:0,(anonymous_24)
FNDA:0,(anonymous_25)
DA:1,0
DA:12,0
DA:13,0
DA:22,0
DA:25,0
DA:26,0
DA:27,0
DA:29,0
DA:30,0
DA:31,0
DA:34,0
DA:37,0
DA:39,0
DA:42,0
DA:43,0
DA:44,0
DA:46,0
DA:49,0
DA:50,0
DA:51,0
DA:54,0
DA:55,0
DA:64,0
DA:66,0
DA:67,0
DA:76,0
DA:77,0
DA:83,0
DA:86,0
DA:87,0
DA:89,0
DA:90,0
DA:91,0
DA:95,0
DA:96,0
DA:98,0
DA:99,0
DA:102,0
DA:104,0
DA:105,0
DA:106,0
DA:108,0
DA:109,0
DA:110,0
DA:112,0
DA:113,0
DA:116,0
DA:117,0
DA:119,0
DA:120,0
DA:124,0
DA:125,0
DA:128,0
DA:129,0
DA:131,0
DA:132,0
DA:136,0
DA:137,0
DA:138,0
DA:141,0
DA:142,0
DA:145,0
LF:62
LH:0
BRDA:27,0,0,0
BRDA:44,1,0,0
BRDA:44,1,1,0
BRDA:54,2,0,0
BRDA:64,3,0,0
BRDA:64,4,0,0
BRDA:64,4,1,0
BRDA:64,4,2,0
BRDA:64,4,3,0
BRDA:96,5,0,0
BRDA:102,6,0,0
BRDA:108,7,0,0
BRDA:108,7,1,0
BRDA:131,8,0,0
BRF:14
BRH:0
end_of_record
TN:
SF:src\lib\axios.ts
FN:11,(anonymous_7)
FN:27,(anonymous_8)
FN:34,(anonymous_9)
FN:37,(anonymous_10)
FN:37,(anonymous_11)
FN:48,(anonymous_12)
FNF:6
FNH:0
FNDA:0,(anonymous_7)
FNDA:0,(anonymous_8)
FNDA:0,(anonymous_9)
FNDA:0,(anonymous_10)
FNDA:0,(anonymous_11)
FNDA:0,(anonymous_12)
DA:1,6
DA:2,6
DA:5,6
DA:10,6
DA:14,0
DA:15,0
DA:16,0
DA:17,0
DA:18,0
DA:19,0
DA:23,0
DA:25,0
DA:28,0
DA:33,6
DA:35,0
DA:37,0
DA:39,0
DA:40,0
DA:43,0
DA:46,0
DA:48,0
DA:49,0
DA:50,0
DA:51,0
DA:54,0
DA:58,0
DA:59,0
DA:63,0
DA:67,6
LF:29
LH:6
BRDA:16,0,0,0
BRDA:18,1,0,0
BRDA:39,2,0,0
BRDA:39,3,0,0
BRDA:39,3,1,0
BRDA:39,4,0,0
BRDA:39,4,1,0
BRDA:58,5,0,0
BRF:8
BRH:0
end_of_record
TN:
SF:src\lib\test-auth.ts
FN:4,(anonymous_7)
FN:4,(anonymous_8)
FNF:2
FNH:0
FNDA:0,(anonymous_7)
FNDA:0,(anonymous_8)
DA:2,0
DA:4,0
DA:5,0
DA:6,0
DA:8,0
DA:9,0
DA:10,0
DA:12,0
DA:13,0
LF:9
LH:0
BRF:0
BRH:0
end_of_record
TN:
SF:src\lib\utils.ts
FN:4,cn
FNF:1
FNH:0
FNDA:0,cn
DA:1,0
DA:2,0
DA:4,0
DA:5,0
LF:4
LH:0
BRF:0
BRH:0
end_of_record
TN:
SF:src\pages\Index.tsx
FN:5,(anonymous_0)
FN:8,(anonymous_1)
FNF:2
FNH:0
FNDA:0,(anonymous_0)
FNDA:0,(anonymous_1)
DA:2,0
DA:3,0
DA:5,0
DA:6,0
DA:8,0
DA:9,0
DA:12,0
DA:15,0
LF:8
LH:0
BRF:0
BRH:0
end_of_record
TN:
SF:src\services\auth.ts
FN:64,(anonymous_7)
FN:94,(anonymous_9)
FN:116,(anonymous_11)
FN:135,(anonymous_13)
FN:148,(anonymous_14)
FN:161,(anonymous_15)
FN:174,(anonymous_16)
FN:179,(anonymous_17)
FN:184,(anonymous_18)
FN:192,(anonymous_19)
FN:197,(anonymous_20)
FN:233,(anonymous_22)
FN:271,(anonymous_24)
FN:296,(anonymous_26)
FN:317,(anonymous_28)
FN:330,(anonymous_30)
FN:349,(anonymous_32)
FN:380,(anonymous_34)
FN:386,(anonymous_36)
FNF:19
FNH:0
FNDA:0,(anonymous_7)
FNDA:0,(anonymous_9)
FNDA:0,(anonymous_11)
FNDA:0,(anonymous_13)
FNDA:0,(anonymous_14)
FNDA:0,(anonymous_15)
FNDA:0,(anonymous_16)
FNDA:0,(anonymous_17)
FNDA:0,(anonymous_18)
FNDA:0,(anonymous_19)
FNDA:0,(anonymous_20)
FNDA:0,(anonymous_22)
FNDA:0,(anonymous_24)
FNDA:0,(anonymous_26)
FNDA:0,(anonymous_28)
FNDA:0,(anonymous_30)
FNDA:0,(anonymous_32)
FNDA:0,(anonymous_34)
FNDA:0,(anonymous_36)
DA:1,2
DA:2,2
DA:4,2
DA:65,0
DA:66,0
DA:75,0
DA:76,0
DA:77,0
DA:78,0
DA:85,0
DA:87,0
DA:88,0
DA:90,0
DA:95,0
DA:101,0
DA:103,0
DA:104,0
DA:106,0
DA:108,0
DA:109,0
DA:117,0
DA:123,0
DA:125,0
DA:126,0
DA:128,0
DA:130,0
DA:131,0
DA:136,0
DA:137,0
DA:138,0
DA:139,0
DA:140,0
DA:143,0
DA:145,0
DA:149,0
DA:150,0
DA:151,0
DA:152,0
DA:153,0
DA:156,0
DA:158,0
DA:162,0
DA:163,0
DA:164,0
DA:165,0
DA:166,0
DA:169,0
DA:171,0
DA:175,0
DA:176,0
DA:180,0
DA:181,0
DA:185,0
DA:193,0
DA:194,0
DA:198,0
DA:199,0
DA:200,0
DA:201,0
DA:204,0
DA:209,0
DA:211,0
DA:212,0
DA:213,0
DA:214,0
DA:218,0
DA:220,0
DA:222,0
DA:224,0
DA:225,0
DA:234,0
DA:235,0
DA:236,0
DA:237,0
DA:240,0
DA:249,0
DA:250,0
DA:251,0
DA:252,0
DA:253,0
DA:257,0
DA:261,0
DA:263,0
DA:264,0
DA:272,0
DA:273,0
DA:274,0
DA:275,0
DA:278,0
DA:283,0
DA:284,0
DA:286,0
DA:288,0
DA:289,0
DA:297,0
DA:298,0
DA:299,0
DA:300,0
DA:303,0
DA:307,0
DA:309,0
DA:310,0
DA:318,0
DA:319,0
DA:323,0
DA:325,0
DA:326,0
DA:331,0
DA:332,0
DA:337,0
DA:339,0
DA:340,0
DA:350,0
DA:352,0
DA:354,0
DA:369,0
DA:371,0
DA:372,0
DA:381,0
DA:383,0
DA:387,0
DA:391,2
LF:122
LH:4
BRDA:69,0,0,0
BRDA:69,0,1,0
BRDA:75,1,0,0
BRDA:75,2,0,0
BRDA:75,2,1,0
BRDA:75,3,0,0
BRDA:75,3,1,0
BRDA:75,4,0,0
BRDA:75,4,1,0
BRDA:77,5,0,0
BRDA:77,6,0,0
BRDA:77,6,1,0
BRDA:87,7,0,0
BRDA:87,8,0,0
BRDA:87,8,1,0
BRDA:103,9,0,0
BRDA:125,10,0,0
BRDA:138,11,0,0
BRDA:151,12,0,0
BRDA:164,13,0,0
BRDA:166,14,0,0
BRDA:166,14,1,0
BRDA:166,14,2,0
BRDA:176,15,0,0
BRDA:176,15,1,0
BRDA:176,16,0,0
BRDA:176,16,1,0
BRDA:181,17,0,0
BRDA:181,17,1,0
BRDA:181,18,0,0
BRDA:181,18,1,0
BRDA:194,19,0,0
BRDA:194,19,1,0
BRDA:194,20,0,0
BRDA:194,20,1,0
BRDA:194,21,0,0
BRDA:194,21,1,0
BRDA:200,22,0,0
BRDA:209,23,0,0
BRDA:212,24,0,0
BRDA:236,25,0,0
BRDA:249,26,0,0
BRDA:249,27,0,0
BRDA:249,27,1,0
BRDA:251,28,0,0
BRDA:274,29,0,0
BRDA:283,30,0,0
BRDA:299,31,0,0
BRDA:352,32,0,0
BRDA:352,32,1,0
BRDA:352,33,0,0
BRDA:352,33,1,0
BRDA:360,34,0,0
BRDA:360,34,1,0
BRDA:361,35,0,0
BRDA:361,35,1,0
BRDA:363,36,0,0
BRDA:363,36,1,0
BRDA:364,37,0,0
BRDA:364,37,1,0
BRF:60
BRH:0
end_of_record
TN:
SF:src\services\bilan.ts
FN:61,(anonymous_7)
FNF:1
FNH:1
FNDA:4,(anonymous_7)
DA:1,1
DA:62,4
DA:63,4
DA:64,4
DA:65,2
DA:67,2
DA:68,2
DA:76,1
LF:8
LH:8
BRDA:63,0,0,1
BRDA:63,0,1,3
BRDA:70,1,0,2
BRDA:70,1,1,1
BRDA:70,2,0,1
BRDA:70,2,1,1
BRDA:70,3,0,2
BRDA:70,3,1,2
BRDA:70,4,0,1
BRDA:70,4,1,1
BRDA:70,5,0,2
BRDA:70,5,1,2
BRF:12
BRH:12
end_of_record
TN:
SF:src\services\client.ts
FN:184,(anonymous_7)
FN:191,(anonymous_9)
FN:206,(anonymous_10)
FN:229,(anonymous_12)
FN:245,(anonymous_14)
FN:300,(anonymous_16)
FN:331,(anonymous_18)
FN:358,(anonymous_20)
FN:387,(anonymous_21)
FN:388,(anonymous_22)
FN:439,(anonymous_23)
FN:440,(anonymous_24)
FN:490,(anonymous_25)
FN:523,(anonymous_27)
FN:540,(anonymous_29)
FN:565,(anonymous_31)
FN:588,(anonymous_33)
FN:605,(anonymous_35)
FN:648,(anonymous_37)
FN:671,(anonymous_39)
FNF:20
FNH:20
FNDA:2,(anonymous_7)
FNDA:1,(anonymous_9)
FNDA:3,(anonymous_10)
FNDA:3,(anonymous_12)
FNDA:2,(anonymous_14)
FNDA:2,(anonymous_16)
FNDA:2,(anonymous_18)
FNDA:3,(anonymous_20)
FNDA:3,(anonymous_21)
FNDA:3,(anonymous_22)
FNDA:3,(anonymous_23)
FNDA:3,(anonymous_24)
FNDA:2,(anonymous_25)
FNDA:3,(anonymous_27)
FNDA:2,(anonymous_29)
FNDA:2,(anonymous_31)
FNDA:2,(anonymous_33)
FNDA:2,(anonymous_35)
FNDA:2,(anonymous_37)
FNDA:2,(anonymous_39)
DA:1,1
DA:2,1
DA:3,1
DA:185,2
DA:186,2
DA:191,1
DA:196,1
DA:198,1
DA:199,1
DA:207,3
DA:208,3
DA:213,2
DA:214,2
DA:219,0
DA:221,3
DA:222,3
DA:230,3
DA:231,3
DA:235,3
DA:237,3
DA:238,3
DA:246,2
DA:248,2
DA:251,2
DA:252,2
DA:255,2
DA:265,2
DA:268,1
DA:269,1
DA:274,1
DA:280,1
DA:283,1
DA:284,0
DA:290,1
DA:301,2
DA:303,2
DA:306,2
DA:307,2
DA:309,2
DA:318,1
DA:323,2
DA:324,2
DA:332,2
DA:333,2
DA:334,2
DA:335,0
DA:338,2
DA:343,0
DA:348,2
DA:349,2
DA:359,3
DA:361,3
DA:362,0
DA:365,3
DA:366,1
DA:369,3
DA:370,0
DA:373,3
DA:374,0
DA:377,3
DA:378,0
DA:381,3
DA:388,3
DA:398,3
DA:399,3
DA:401,3
DA:402,3
DA:403,1
DA:406,3
DA:417,2
DA:425,1
DA:426,1
DA:440,3
DA:450,3
DA:451,3
DA:453,3
DA:454,1
DA:457,3
DA:468,2
DA:476,1
DA:477,1
DA:491,2
DA:493,2
DA:494,2
DA:496,2
DA:506,1
DA:512,1
DA:513,1
DA:524,3
DA:525,3
DA:530,2
DA:532,1
DA:533,1
DA:541,2
DA:542,2
DA:548,1
DA:554,1
DA:555,1
DA:566,2
DA:567,2
DA:572,1
DA:577,1
DA:578,1
DA:589,2
DA:590,2
DA:595,1
DA:597,1
DA:598,1
DA:612,2
DA:614,2
DA:616,2
DA:617,0
DA:623,2
DA:628,2
DA:631,1
DA:637,1
DA:638,1
DA:652,2
DA:653,2
DA:655,1
DA:660,1
DA:661,1
DA:672,2
DA:673,2
DA:675,1
DA:680,1
DA:681,1
DA:689,1
LF:128
LH:119
BRDA:193,0,0,1
BRDA:193,0,1,1
BRDA:193,1,0,1
BRDA:193,1,1,0
BRDA:193,2,0,1
BRDA:193,2,1,1
BRDA:216,3,0,2
BRDA:216,3,1,0
BRDA:216,4,0,0
BRDA:216,4,1,0
BRDA:216,5,0,2
BRDA:216,5,1,0
BRDA:252,6,0,2
BRDA:252,6,1,2
BRDA:252,7,0,2
BRDA:252,7,1,0
BRDA:252,8,0,2
BRDA:252,8,1,2
BRDA:259,9,0,2
BRDA:259,9,1,1
BRDA:260,10,0,2
BRDA:260,10,1,1
BRDA:261,11,0,2
BRDA:261,11,1,2
BRDA:262,12,0,2
BRDA:262,12,1,2
BRDA:283,13,0,0
BRDA:283,14,0,1
BRDA:283,14,1,0
BRDA:283,15,0,0
BRDA:283,15,1,0
BRDA:283,16,0,0
BRDA:283,16,1,0
BRDA:283,17,0,0
BRDA:283,17,1,0
BRDA:283,18,0,0
BRDA:283,18,1,0
BRDA:307,19,0,2
BRDA:307,19,1,2
BRDA:307,20,0,2
BRDA:307,20,1,0
BRDA:307,21,0,2
BRDA:307,21,1,2
BRDA:313,22,0,2
BRDA:313,22,1,2
BRDA:314,23,0,2
BRDA:314,23,1,2
BRDA:334,24,0,0
BRDA:361,25,0,0
BRDA:365,26,0,1
BRDA:365,27,0,3
BRDA:365,27,1,1
BRDA:369,28,0,0
BRDA:369,29,0,3
BRDA:369,29,1,0
BRDA:373,30,0,0
BRDA:373,31,0,3
BRDA:373,31,1,0
BRDA:377,32,0,0
BRDA:388,33,0,2
BRDA:389,34,0,2
BRDA:390,35,0,2
BRDA:402,36,0,1
BRDA:440,37,0,2
BRDA:441,38,0,2
BRDA:453,39,0,1
BRDA:494,40,0,2
BRDA:494,40,1,2
BRDA:494,41,0,2
BRDA:494,41,1,0
BRDA:494,42,0,2
BRDA:494,42,1,2
BRDA:515,43,0,1
BRDA:515,43,1,1
BRDA:515,44,0,1
BRDA:515,44,1,0
BRDA:515,45,0,1
BRDA:515,45,1,1
BRDA:515,46,0,1
BRDA:515,46,1,0
BRDA:515,47,0,1
BRDA:515,47,1,1
BRDA:557,48,0,1
BRDA:557,48,1,1
BRDA:557,49,0,1
BRDA:557,49,1,0
BRDA:557,50,0,1
BRDA:557,50,1,1
BRDA:557,51,0,1
BRDA:557,51,1,0
BRDA:557,52,0,1
BRDA:557,52,1,1
BRDA:580,53,0,1
BRDA:580,53,1,1
BRDA:580,54,0,1
BRDA:580,54,1,0
BRDA:580,55,0,1
BRDA:580,55,1,1
BRDA:580,56,0,1
BRDA:580,56,1,0
BRDA:580,57,0,1
BRDA:580,57,1,1
BRDA:614,58,0,2
BRDA:614,58,1,0
BRDA:616,59,0,0
BRDA:640,60,0,1
BRDA:640,60,1,0
BRDA:640,61,0,0
BRDA:640,61,1,1
BRDA:640,62,0,1
BRDA:640,62,1,1
BRDA:640,63,0,0
BRDA:640,63,1,1
BRDA:640,64,0,1
BRDA:640,64,1,1
BRDA:663,65,0,1
BRDA:663,65,1,0
BRDA:663,66,0,0
BRDA:663,66,1,1
BRDA:663,67,0,1
BRDA:663,67,1,1
BRDA:663,68,0,0
BRDA:663,68,1,1
BRDA:663,69,0,1
BRDA:663,69,1,1
BRDA:683,70,0,1
BRDA:683,70,1,0
BRDA:683,71,0,0
BRDA:683,71,1,1
BRDA:683,72,0,1
BRDA:683,72,1,1
BRDA:683,73,0,0
BRDA:683,73,1,1
BRDA:683,74,0,1
BRDA:683,74,1,1
BRF:135
BRH:93
end_of_record
TN:
SF:src\services\dashboard.ts
FN:61,(anonymous_7)
FN:61,(anonymous_8)
FN:77,(anonymous_9)
FN:97,(anonymous_11)
FN:97,(anonymous_12)
FN:117,(anonymous_13)
FN:117,(anonymous_14)
FNF:7
FNH:7
FNDA:3,(anonymous_7)
FNDA:3,(anonymous_8)
FNDA:2,(anonymous_9)
FNDA:3,(anonymous_11)
FNDA:3,(anonymous_12)
FNDA:3,(anonymous_13)
FNDA:3,(anonymous_14)
DA:1,1
DA:61,3
DA:62,3
DA:63,3
DA:67,2
DA:69,1
DA:70,1
DA:82,2
DA:83,2
DA:87,1
DA:89,1
DA:90,1
DA:97,3
DA:102,3
DA:103,3
DA:107,2
DA:109,1
DA:110,1
DA:117,3
DA:118,3
DA:119,3
DA:123,2
DA:125,1
DA:126,1
DA:131,1
LF:25
LH:25
BRDA:61,0,0,2
BRDA:61,1,0,2
BRDA:97,2,0,2
BRDA:97,3,0,2
BRDA:117,4,0,2
BRDA:117,5,0,2
BRF:6
BRH:6
end_of_record
TN:
SF:src\services\fluxFinancier.ts
FN:138,(anonymous_7)
FN:157,(anonymous_9)
FN:200,(anonymous_11)
FN:238,(anonymous_13)
FN:254,(anonymous_15)
FN:279,(anonymous_17)
FN:309,(anonymous_19)
FN:314,(anonymous_20)
FN:345,(anonymous_21)
FN:380,(anonymous_23)
FN:419,(anonymous_25)
FN:450,(anonymous_27)
FN:476,(anonymous_29)
FN:483,(anonymous_31)
FN:486,(anonymous_32)
FN:487,(anonymous_33)
FN:514,(anonymous_34)
FN:556,(anonymous_36)
FN:587,(anonymous_38)
FN:592,(anonymous_39)
FN:628,(anonymous_40)
FNF:21
FNH:0
FNDA:0,(anonymous_7)
FNDA:0,(anonymous_9)
FNDA:0,(anonymous_11)
FNDA:0,(anonymous_13)
FNDA:0,(anonymous_15)
FNDA:0,(anonymous_17)
FNDA:0,(anonymous_19)
FNDA:0,(anonymous_20)
FNDA:0,(anonymous_21)
FNDA:0,(anonymous_23)
FNDA:0,(anonymous_25)
FNDA:0,(anonymous_27)
FNDA:0,(anonymous_29)
FNDA:0,(anonymous_31)
FNDA:0,(anonymous_32)
FNDA:0,(anonymous_33)
FNDA:0,(anonymous_34)
FNDA:0,(anonymous_36)
FNDA:0,(anonymous_38)
FNDA:0,(anonymous_39)
FNDA:0,(anonymous_40)
DA:1,0
DA:2,0
DA:3,0
DA:139,0
DA:140,0
DA:141,0
DA:143,0
DA:144,0
DA:145,0
DA:147,0
DA:167,0
DA:168,0
DA:172,0
DA:173,0
DA:174,0
DA:175,0
DA:176,0
DA:178,0
DA:182,0
DA:184,0
DA:185,0
DA:186,0
DA:188,0
DA:209,0
DA:210,0
DA:212,0
DA:213,0
DA:214,0
DA:215,0
DA:217,0
DA:218,0
DA:219,0
DA:221,0
DA:222,0
DA:224,0
DA:225,0
DA:226,0
DA:228,0
DA:239,0
DA:240,0
DA:241,0
DA:242,0
DA:244,0
DA:246,0
DA:247,0
DA:258,0
DA:259,0
DA:263,0
DA:265,0
DA:266,0
DA:267,0
DA:269,0
DA:285,0
DA:287,0
DA:289,0
DA:290,0
DA:297,0
DA:298,0
DA:300,0
DA:301,0
DA:308,0
DA:309,0
DA:310,0
DA:313,0
DA:314,0
DA:316,0
DA:317,0
DA:323,0
DA:329,0
DA:334,0
DA:335,0
DA:346,0
DA:347,0
DA:348,0
DA:349,0
DA:350,0
DA:351,0
DA:353,0
DA:364,0
DA:366,0
DA:367,0
DA:368,0
DA:370,0
DA:381,0
DA:382,0
DA:384,0
DA:385,0
DA:388,0
DA:389,0
DA:390,0
DA:392,0
DA:403,0
DA:405,0
DA:406,0
DA:407,0
DA:409,0
DA:429,0
DA:430,0
DA:434,0
DA:436,0
DA:437,0
DA:438,0
DA:440,0
DA:451,0
DA:452,0
DA:460,0
DA:462,0
DA:463,0
DA:464,0
DA:466,0
DA:482,0
DA:483,0
DA:484,0
DA:486,0
DA:487,0
DA:489,0
DA:498,0
DA:499,0
DA:515,0
DA:517,0
DA:521,0
DA:522,0
DA:526,0
DA:528,0
DA:529,0
DA:531,0
DA:537,0
DA:542,0
DA:543,0
DA:544,0
DA:546,0
DA:560,0
DA:562,0
DA:564,0
DA:565,0
DA:571,0
DA:574,0
DA:575,0
DA:577,0
DA:578,0
DA:586,0
DA:587,0
DA:588,0
DA:591,0
DA:592,0
DA:594,0
DA:595,0
DA:602,0
DA:609,0
DA:615,0
DA:616,0
DA:629,0
DA:631,0
DA:640,0
DA:641,0
DA:647,0
DA:648,0
DA:651,0
DA:652,0
DA:654,0
DA:655,0
DA:656,0
DA:662,0
DA:668,0
DA:673,0
DA:674,0
DA:675,0
DA:677,0
DA:685,0
LF:169
LH:0
BRDA:144,0,0,0
BRDA:144,1,0,0
BRDA:144,1,1,0
BRDA:172,2,0,0
BRDA:172,3,0,0
BRDA:172,3,1,0
BRDA:172,4,0,0
BRDA:172,4,1,0
BRDA:173,5,0,0
BRDA:173,6,0,0
BRDA:173,6,1,0
BRDA:173,7,0,0
BRDA:173,7,1,0
BRDA:174,8,0,0
BRDA:174,9,0,0
BRDA:174,9,1,0
BRDA:174,10,0,0
BRDA:174,10,1,0
BRDA:175,11,0,0
BRDA:175,12,0,0
BRDA:175,12,1,0
BRDA:175,13,0,0
BRDA:175,13,1,0
BRDA:176,14,0,0
BRDA:176,15,0,0
BRDA:176,15,1,0
BRDA:176,16,0,0
BRDA:176,16,1,0
BRDA:185,17,0,0
BRDA:185,18,0,0
BRDA:185,18,1,0
BRDA:212,19,0,0
BRDA:212,20,0,0
BRDA:212,20,1,0
BRDA:212,21,0,0
BRDA:212,21,1,0
BRDA:213,22,0,0
BRDA:213,23,0,0
BRDA:213,23,1,0
BRDA:213,24,0,0
BRDA:213,24,1,0
BRDA:214,25,0,0
BRDA:214,26,0,0
BRDA:214,26,1,0
BRDA:214,27,0,0
BRDA:214,27,1,0
BRDA:215,28,0,0
BRDA:215,29,0,0
BRDA:215,29,1,0
BRDA:215,30,0,0
BRDA:215,30,1,0
BRDA:219,31,0,0
BRDA:219,31,1,0
BRDA:225,32,0,0
BRDA:225,33,0,0
BRDA:225,33,1,0
BRDA:241,34,0,0
BRDA:241,35,0,0
BRDA:241,35,1,0
BRDA:266,36,0,0
BRDA:266,37,0,0
BRDA:266,37,1,0
BRDA:289,38,0,0
BRDA:292,39,0,0
BRDA:292,39,1,0
BRDA:297,40,0,0
BRDA:300,41,0,0
BRDA:300,42,0,0
BRDA:300,42,1,0
BRDA:316,43,0,0
BRDA:367,44,0,0
BRDA:367,45,0,0
BRDA:367,45,1,0
BRDA:406,46,0,0
BRDA:406,47,0,0
BRDA:406,47,1,0
BRDA:437,48,0,0
BRDA:437,49,0,0
BRDA:437,49,1,0
BRDA:463,50,0,0
BRDA:463,51,0,0
BRDA:463,51,1,0
BRDA:493,52,0,0
BRDA:493,52,1,0
BRDA:521,53,0,0
BRDA:528,54,0,0
BRDA:543,55,0,0
BRDA:543,56,0,0
BRDA:543,56,1,0
BRDA:564,57,0,0
BRDA:564,58,0,0
BRDA:564,58,1,0
BRDA:567,59,0,0
BRDA:567,59,1,0
BRDA:574,60,0,0
BRDA:577,61,0,0
BRDA:577,62,0,0
BRDA:577,62,1,0
BRDA:594,63,0,0
BRDA:640,64,0,0
BRDA:643,65,0,0
BRDA:643,65,1,0
BRDA:647,66,0,0
BRDA:647,66,1,0
BRDA:647,67,0,0
BRDA:647,67,1,0
BRDA:647,68,0,0
BRDA:647,68,1,0
BRDA:648,69,0,0
BRDA:648,69,1,0
BRDA:648,70,0,0
BRDA:648,70,1,0
BRDA:648,71,0,0
BRDA:648,71,1,0
BRDA:651,72,0,0
BRDA:654,73,0,0
BRDA:674,74,0,0
BRDA:674,75,0,0
BRDA:674,75,1,0
BRF:119
BRH:0
end_of_record
TN:
SF:src\services\invoiceService.ts
FN:6,(anonymous_7)
FN:10,(anonymous_8)
FN:11,(anonymous_10)
FN:11,(anonymous_11)
FN:66,(anonymous_12)
FN:67,(anonymous_13)
FN:69,(anonymous_14)
FN:75,(anonymous_15)
FN:136,(anonymous_16)
FN:247,(anonymous_17)
FN:323,(anonymous_18)
FN:334,(anonymous_19)
FN:570,(anonymous_20)
FN:727,(anonymous_21)
FN:782,(anonymous_22)
FN:812,(anonymous_23)
FNF:16
FNH:1
FNDA:5,(anonymous_7)
FNDA:0,(anonymous_8)
FNDA:0,(anonymous_10)
FNDA:0,(anonymous_11)
FNDA:0,(anonymous_12)
FNDA:0,(anonymous_13)
FNDA:0,(anonymous_14)
FNDA:0,(anonymous_15)
FNDA:0,(anonymous_16)
FNDA:0,(anonymous_17)
FNDA:0,(anonymous_18)
FNDA:0,(anonymous_19)
FNDA:0,(anonymous_20)
FNDA:0,(anonymous_21)
FNDA:0,(anonymous_22)
FNDA:0,(anonymous_23)
DA:1,1
DA:4,1
DA:7,5
DA:11,0
DA:12,0
DA:14,0
DA:21,0
DA:31,0
DA:32,0
DA:33,0
DA:34,0
DA:35,0
DA:37,0
DA:40,0
DA:43,0
DA:46,0
DA:49,0
DA:52,0
DA:55,0
DA:58,0
DA:59,0
DA:61,0
DA:67,0
DA:68,0
DA:69,0
DA:70,0
DA:71,0
DA:81,0
DA:82,0
DA:85,0
DA:86,0
DA:87,0
DA:89,0
DA:94,0
DA:95,0
DA:96,0
DA:98,0
DA:99,0
DA:100,0
DA:101,0
DA:102,0
DA:103,0
DA:104,0
DA:105,0
DA:106,0
DA:107,0
DA:108,0
DA:109,0
DA:110,0
DA:113,0
DA:114,0
DA:115,0
DA:116,0
DA:118,0
DA:120,0
DA:123,0
DA:124,0
DA:125,0
DA:126,0
DA:128,0
DA:129,0
DA:130,0
DA:131,0
DA:133,0
DA:141,0
DA:142,0
DA:143,0
DA:146,0
DA:147,0
DA:148,0
DA:150,0
DA:153,0
DA:154,0
DA:155,0
DA:157,0
DA:158,0
DA:159,0
DA:160,0
DA:161,0
DA:162,0
DA:163,0
DA:164,0
DA:167,0
DA:168,0
DA:169,0
DA:170,0
DA:172,0
DA:173,0
DA:174,0
DA:175,0
DA:176,0
DA:178,0
DA:179,0
DA:180,0
DA:181,0
DA:184,0
DA:185,0
DA:186,0
DA:190,0
DA:191,0
DA:192,0
DA:193,0
DA:196,0
DA:197,0
DA:202,0
DA:208,0
DA:209,0
DA:211,0
DA:214,0
DA:215,0
DA:216,0
DA:217,0
DA:219,0
DA:220,0
DA:221,0
DA:223,0
DA:226,0
DA:227,0
DA:228,0
DA:230,0
DA:231,0
DA:232,0
DA:234,0
DA:236,0
DA:237,0
DA:238,0
DA:240,0
DA:241,0
DA:242,0
DA:244,0
DA:252,0
DA:253,0
DA:255,0
DA:256,0
DA:257,0
DA:258,0
DA:260,0
DA:261,0
DA:262,0
DA:263,0
DA:267,0
DA:270,0
DA:273,0
DA:274,0
DA:280,0
DA:281,0
DA:282,0
DA:286,0
DA:287,0
DA:288,0
DA:296,0
DA:297,0
DA:298,0
DA:299,0
DA:300,0
DA:301,0
DA:303,0
DA:304,0
DA:305,0
DA:310,0
DA:312,0
DA:315,0
DA:316,0
DA:320,0
DA:321,0
DA:322,0
DA:324,0
DA:325,0
DA:328,0
DA:331,0
DA:339,0
DA:340,0
DA:341,0
DA:342,0
DA:345,0
DA:346,0
DA:347,0
DA:348,0
DA:351,0
DA:352,0
DA:354,0
DA:355,0
DA:356,0
DA:357,0
DA:358,0
DA:359,0
DA:360,0
DA:362,0
DA:365,0
DA:366,0
DA:368,0
DA:370,0
DA:378,0
DA:383,0
DA:384,0
DA:385,0
DA:401,0
DA:403,0
DA:404,0
DA:405,0
DA:425,0
DA:426,0
DA:429,0
DA:430,0
DA:431,0
DA:449,0
DA:450,0
DA:451,0
DA:453,0
DA:455,0
DA:472,0
DA:473,0
DA:474,0
DA:475,0
DA:477,0
DA:496,0
DA:497,0
DA:498,0
DA:499,0
DA:518,0
DA:519,0
DA:520,0
DA:539,0
DA:540,0
DA:542,0
DA:543,0
DA:547,0
DA:563,0
DA:565,0
DA:566,0
DA:569,0
DA:570,0
DA:574,0
DA:575,0
DA:579,0
DA:580,0
DA:581,0
DA:583,0
DA:585,0
DA:586,0
DA:587,0
DA:588,0
DA:593,0
DA:594,0
DA:598,0
DA:601,0
DA:602,0
DA:603,0
DA:604,0
DA:607,0
DA:608,0
DA:612,0
DA:631,0
DA:632,0
DA:634,0
DA:636,0
DA:637,0
DA:642,0
DA:648,0
DA:649,0
DA:667,0
DA:668,0
DA:686,0
DA:687,0
DA:688,0
DA:689,0
DA:690,0
DA:693,0
DA:694,0
DA:696,0
DA:697,0
DA:698,0
DA:701,0
DA:705,0
DA:706,0
DA:713,0
DA:716,0
DA:717,0
DA:718,0
DA:719,0
DA:720,0
DA:721,0
DA:724,0
DA:742,0
DA:745,0
DA:746,0
DA:747,0
DA:751,0
DA:752,0
DA:753,0
DA:756,0
DA:757,0
DA:761,0
DA:764,0
DA:767,0
DA:770,0
DA:771,0
DA:772,0
DA:779,0
DA:783,0
DA:784,0
DA:785,0
DA:786,0
DA:789,0
DA:790,0
DA:791,0
DA:794,0
DA:795,0
DA:796,0
DA:798,0
DA:802,0
DA:803,0
DA:804,0
DA:813,0
DA:814,0
DA:815,0
DA:816,0
DA:817,0
DA:818,0
DA:819,0
DA:820,0
LF:321
LH:3
BRDA:85,0,0,0
BRDA:157,1,0,0
BRDA:157,1,1,0
BRDA:159,2,0,0
BRDA:159,2,1,0
BRDA:160,3,0,0
BRDA:160,3,1,0
BRDA:161,4,0,0
BRDA:162,5,0,0
BRDA:162,5,1,0
BRDA:163,6,0,0
BRDA:163,6,1,0
BRDA:164,7,0,0
BRDA:164,7,1,0
BRDA:178,8,0,0
BRDA:184,9,0,0
BRDA:267,10,0,0
BRDA:267,10,1,0
BRDA:280,11,0,0
BRDA:286,12,0,0
BRDA:296,13,0,0
BRDA:298,14,0,0
BRDA:299,15,0,0
BRDA:300,16,0,0
BRDA:301,17,0,0
BRDA:303,18,0,0
BRDA:310,19,0,0
BRDA:312,20,0,0
BRDA:312,20,1,0
BRDA:320,21,0,0
BRDA:320,22,0,0
BRDA:320,22,1,0
BRDA:324,23,0,0
BRDA:324,23,1,0
BRDA:374,24,0,0
BRDA:374,24,1,0
BRDA:374,25,0,0
BRDA:374,25,1,0
BRDA:378,26,0,0
BRDA:378,26,1,0
BRDA:379,27,0,0
BRDA:379,27,1,0
BRDA:379,27,2,0
BRDA:384,28,0,0
BRDA:384,28,1,0
BRDA:401,29,0,0
BRDA:403,30,0,0
BRDA:403,30,1,0
BRDA:425,31,0,0
BRDA:429,32,0,0
BRDA:429,33,0,0
BRDA:429,33,1,0
BRDA:430,34,0,0
BRDA:430,34,1,0
BRDA:430,35,0,0
BRDA:430,35,1,0
BRDA:430,36,0,0
BRDA:430,36,1,0
BRDA:430,37,0,0
BRDA:430,37,1,0
BRDA:430,38,0,0
BRDA:430,38,1,0
BRDA:449,39,0,0
BRDA:449,40,0,0
BRDA:449,40,1,0
BRDA:450,41,0,0
BRDA:450,41,1,0
BRDA:450,41,2,0
BRDA:451,42,0,0
BRDA:451,42,1,0
BRDA:451,43,0,0
BRDA:451,43,1,0
BRDA:451,44,0,0
BRDA:451,44,1,0
BRDA:451,45,0,0
BRDA:451,45,1,0
BRDA:453,46,0,0
BRDA:453,46,1,0
BRDA:474,47,0,0
BRDA:474,47,1,0
BRDA:474,48,0,0
BRDA:474,48,1,0
BRDA:496,49,0,0
BRDA:496,50,0,0
BRDA:496,50,1,0
BRDA:497,51,0,0
BRDA:497,51,1,0
BRDA:497,52,0,0
BRDA:497,52,1,0
BRDA:497,53,0,0
BRDA:497,53,1,0
BRDA:497,54,0,0
BRDA:497,54,1,0
BRDA:497,55,0,0
BRDA:497,55,1,0
BRDA:498,56,0,0
BRDA:518,57,0,0
BRDA:519,58,0,0
BRDA:519,58,1,0
BRDA:519,59,0,0
BRDA:519,59,1,0
BRDA:519,60,0,0
BRDA:519,60,1,0
BRDA:519,61,0,0
BRDA:519,61,1,0
BRDA:519,62,0,0
BRDA:519,62,1,0
BRDA:539,63,0,0
BRDA:539,63,1,0
BRDA:539,64,0,0
BRDA:539,64,1,0
BRDA:539,65,0,0
BRDA:539,65,1,0
BRDA:539,66,0,0
BRDA:539,66,1,0
BRDA:542,67,0,0
BRDA:543,68,0,0
BRDA:543,68,1,0
BRDA:563,69,0,0
BRDA:569,70,0,0
BRDA:569,70,1,0
BRDA:570,71,0,0
BRDA:570,71,1,0
BRDA:571,72,0,0
BRDA:571,72,1,0
BRDA:575,73,0,0
BRDA:575,73,1,0
BRDA:579,74,0,0
BRDA:580,75,0,0
BRDA:580,76,0,0
BRDA:580,76,1,0
BRDA:580,77,0,0
BRDA:580,77,1,0
BRDA:583,78,0,0
BRDA:583,79,0,0
BRDA:583,79,1,0
BRDA:583,80,0,0
BRDA:583,80,1,0
BRDA:587,81,0,0
BRDA:587,81,1,0
BRDA:587,82,0,0
BRDA:587,82,1,0
BRDA:593,83,0,0
BRDA:593,84,0,0
BRDA:593,84,1,0
BRDA:593,85,0,0
BRDA:593,85,1,0
BRDA:601,86,0,0
BRDA:601,86,1,0
BRDA:603,87,0,0
BRDA:607,88,0,0
BRDA:608,89,0,0
BRDA:608,89,1,0
BRDA:631,90,0,0
BRDA:631,91,0,0
BRDA:631,91,1,0
BRDA:634,92,0,0
BRDA:634,92,1,0
BRDA:636,93,0,0
BRDA:636,93,1,0
BRDA:638,94,0,0
BRDA:638,94,1,0
BRDA:643,95,0,0
BRDA:643,95,1,0
BRDA:667,96,0,0
BRDA:701,97,0,0
BRDA:701,97,1,0
BRDA:701,98,0,0
BRDA:701,98,1,0
BRDA:701,99,0,0
BRDA:701,99,1,0
BRDA:701,100,0,0
BRDA:701,100,1,0
BRDA:707,101,0,0
BRDA:707,101,1,0
BRDA:716,102,0,0
BRDA:745,103,0,0
BRDA:770,104,0,0
BRDA:770,104,1,0
BRDA:773,105,0,0
BRDA:773,105,1,0
BRF:181
BRH:0
end_of_record
TN:
SF:src\services\livreur.ts
FN:23,(anonymous_7)
FN:37,(anonymous_9)
FN:40,(anonymous_11)
FN:50,(anonymous_12)
FNF:4
FNH:4
FNDA:5,(anonymous_7)
FNDA:3,(anonymous_9)
FNDA:4,(anonymous_11)
FNDA:3,(anonymous_12)
DA:2,1
DA:24,5
DA:25,5
DA:27,3
DA:29,2
DA:30,2
DA:38,3
DA:39,3
DA:40,4
DA:42,0
DA:43,0
DA:51,3
DA:52,3
DA:54,2
DA:56,1
DA:57,1
DA:62,1
LF:17
LH:15
BRF:0
BRH:0
end_of_record
TN:
SF:src\services\order.ts
FN:260,(anonymous_7)
FN:280,(anonymous_9)
FN:280,(anonymous_10)
FN:338,(anonymous_11)
FN:352,(anonymous_13)
FN:384,(anonymous_15)
FN:444,(anonymous_17)
FN:468,(anonymous_19)
FN:482,(anonymous_21)
FN:482,(anonymous_22)
FN:502,(anonymous_23)
FNF:11
FNH:0
FNDA:0,(anonymous_7)
FNDA:0,(anonymous_9)
FNDA:0,(anonymous_10)
FNDA:0,(anonymous_11)
FNDA:0,(anonymous_13)
FNDA:0,(anonymous_15)
FNDA:0,(anonymous_17)
FNDA:0,(anonymous_19)
FNDA:0,(anonymous_21)
FNDA:0,(anonymous_22)
FNDA:0,(anonymous_23)
DA:2,0
DA:261,0
DA:262,0
DA:267,0
DA:272,0
DA:273,0
DA:280,0
DA:287,0
DA:288,0
DA:291,0
DA:292,0
DA:296,0
DA:297,0
DA:301,0
DA:302,0
DA:305,0
DA:316,0
DA:324,0
DA:325,0
DA:339,0
DA:340,0
DA:342,0
DA:344,0
DA:345,0
DA:365,0
DA:366,0
DA:371,0
DA:376,0
DA:377,0
DA:385,0
DA:387,0
DA:389,0
DA:390,0
DA:393,0
DA:394,0
DA:397,0
DA:398,0
DA:401,0
DA:403,0
DA:411,0
DA:416,0
DA:417,0
DA:418,0
DA:419,0
DA:422,0
DA:423,0
DA:426,0
DA:431,0
DA:436,0
DA:437,0
DA:449,0
DA:450,0
DA:455,0
DA:460,0
DA:461,0
DA:469,0
DA:470,0
DA:472,0
DA:474,0
DA:475,0
DA:482,0
DA:499,0
DA:501,0
DA:502,0
DA:503,0
DA:504,0
DA:508,0
DA:518,0
DA:520,0
DA:521,0
DA:526,0
LF:71
LH:0
BRDA:280,0,0,0
BRDA:280,1,0,0
BRDA:291,2,0,0
BRDA:291,3,0,0
BRDA:291,3,1,0
BRDA:296,4,0,0
BRDA:301,5,0,0
BRDA:301,6,0,0
BRDA:301,6,1,0
BRDA:389,7,0,0
BRDA:393,8,0,0
BRDA:397,9,0,0
BRDA:401,10,0,0
BRDA:416,11,0,0
BRDA:416,11,1,0
BRDA:417,12,0,0
BRDA:417,12,1,0
BRDA:418,13,0,0
BRDA:418,13,1,0
BRDA:419,14,0,0
BRDA:419,14,1,0
BRDA:422,15,0,0
BRDA:482,16,0,0
BRDA:503,17,0,0
BRDA:503,18,0,0
BRDA:503,18,1,0
BRF:26
BRH:0
end_of_record
TN:
SF:src\services\price.ts
FN:99,(anonymous_0)
FN:148,(anonymous_1)
FN:214,(anonymous_2)
FN:250,(anonymous_3)
FN:398,(anonymous_4)
FN:434,(anonymous_5)
FN:479,(anonymous_6)
FN:486,(anonymous_7)
FN:587,(anonymous_8)
FNF:9
FNH:9
FNDA:114,(anonymous_0)
FNDA:90,(anonymous_1)
FNDA:22,(anonymous_2)
FNDA:52,(anonymous_3)
FNDA:201,(anonymous_4)
FNDA:53,(anonymous_5)
FNDA:8,(anonymous_6)
FNDA:37,(anonymous_7)
FNDA:74,(anonymous_8)
DA:70,7
DA:72,7
DA:73,7
DA:76,7
DA:79,7
DA:80,7
DA:81,7
DA:84,7
DA:85,7
DA:88,7
DA:91,7
DA:92,7
DA:93,7
DA:105,114
DA:108,114
DA:110,114
DA:111,114
DA:112,114
DA:114,114
DA:116,67
DA:118,67
DA:119,8
DA:120,8
DA:121,8
DA:124,59
DA:125,59
DA:126,59
DA:128,59
DA:129,59
DA:130,59
DA:135,47
DA:138,114
DA:155,90
DA:156,90
DA:158,90
DA:159,90
DA:162,90
DA:163,66
DA:164,66
DA:167,90
DA:169,34
DA:170,34
DA:172,34
DA:173,34
DA:175,34
DA:176,34
DA:185,90
DA:186,10
DA:187,10
DA:190,90
DA:193,90
DA:195,90
DA:220,22
DA:222,22
DA:223,22
DA:226,22
DA:227,4
DA:228,4
DA:231,22
DA:234,22
DA:236,22
DA:257,52
DA:258,52
DA:259,52
DA:261,52
DA:270,52
DA:271,52
DA:272,52
DA:275,52
DA:276,7
DA:277,7
DA:281,52
DA:282,17
DA:290,17
DA:291,17
DA:293,17
DA:305,35
DA:307,4
DA:313,4
DA:315,4
DA:322,31
DA:328,31
DA:329,4
DA:335,4
DA:341,27
DA:346,27
DA:350,27
DA:351,27
DA:354,27
DA:360,27
DA:361,27
DA:381,8
DA:382,8
DA:384,8
DA:402,201
DA:403,201
DA:404,201
DA:406,201
DA:408,15
DA:409,15
DA:410,15
DA:412,6
DA:413,6
DA:414,6
DA:416,180
DA:419,201
DA:420,21
DA:423,201
DA:445,53
DA:446,2
DA:450,51
DA:451,16
DA:461,35
DA:463,29
DA:470,4
DA:472,2
DA:480,8
DA:508,37
DA:520,37
DA:521,37
DA:522,37
DA:526,37
DA:527,37
DA:529,37
DA:530,15
DA:532,15
DA:533,6
DA:535,9
DA:538,15
DA:539,4
DA:541,11
DA:544,15
DA:554,37
DA:555,37
DA:556,37
DA:557,37
DA:559,37
DA:561,12
DA:564,12
DA:566,12
DA:575,37
DA:589,74
DA:590,74
LF:143
LH:143
BRDA:114,0,0,67
BRDA:114,0,1,47
BRDA:118,1,0,8
BRDA:118,1,1,59
BRDA:126,2,0,37
BRDA:126,2,1,22
BRDA:162,3,0,66
BRDA:167,4,0,34
BRDA:172,5,0,19
BRDA:172,5,1,15
BRDA:172,6,0,34
BRDA:172,6,1,17
BRDA:185,7,0,10
BRDA:185,8,0,90
BRDA:185,8,1,14
BRDA:226,9,0,4
BRDA:252,10,0,0
BRDA:275,11,0,7
BRDA:281,12,0,17
BRDA:305,13,0,4
BRDA:305,13,1,31
BRDA:323,14,0,31
BRDA:323,14,1,10
BRDA:328,15,0,4
BRDA:328,15,1,27
BRDA:360,16,0,27
BRDA:406,17,0,15
BRDA:406,17,1,6
BRDA:406,17,2,180
BRDA:419,18,0,21
BRDA:439,19,0,0
BRDA:441,20,0,0
BRDA:445,21,0,2
BRDA:445,22,0,53
BRDA:445,22,1,37
BRDA:450,23,0,16
BRDA:450,24,0,51
BRDA:450,24,1,16
BRDA:461,25,0,29
BRDA:461,25,1,4
BRDA:461,25,2,2
BRDA:491,26,0,4
BRDA:513,27,0,37
BRDA:513,27,1,27
BRDA:515,28,0,37
BRDA:515,28,1,34
BRDA:521,29,0,37
BRDA:529,30,0,15
BRDA:529,31,0,37
BRDA:529,31,1,17
BRDA:532,32,0,6
BRDA:532,32,1,9
BRDA:538,33,0,4
BRDA:538,33,1,11
BRDA:555,34,0,37
BRDA:555,34,1,23
BRDA:556,35,0,37
BRDA:556,35,1,23
BRDA:557,36,0,37
BRDA:557,36,1,37
BRDA:559,37,0,12
BRDA:559,38,0,37
BRDA:559,38,1,14
BRDA:589,39,0,74
BRDA:589,39,1,15
BRDA:589,40,0,0
BRDA:589,40,1,74
BRDA:589,41,0,74
BRDA:589,41,1,74
BRF:69
BRH:65
end_of_record
TN:
SF:src\services\shop.ts
FN:162,(anonymous_7)
FN:174,(anonymous_9)
FN:187,(anonymous_11)
FN:200,(anonymous_13)
FN:213,(anonymous_15)
FN:234,(anonymous_17)
FN:246,(anonymous_19)
FN:259,(anonymous_21)
FN:272,(anonymous_23)
FN:285,(anonymous_25)
FN:309,(anonymous_27)
FN:321,(anonymous_29)
FN:338,(anonymous_31)
FN:355,(anonymous_33)
FN:372,(anonymous_35)
FN:402,(anonymous_37)
FN:415,(anonymous_39)
FN:445,(anonymous_41)
FN:457,(anonymous_43)
FN:466,(anonymous_45)
FNF:20
FNH:20
FNDA:2,(anonymous_7)
FNDA:1,(anonymous_9)
FNDA:1,(anonymous_11)
FNDA:1,(anonymous_13)
FNDA:3,(anonymous_15)
FNDA:1,(anonymous_17)
FNDA:1,(anonymous_19)
FNDA:1,(anonymous_21)
FNDA:1,(anonymous_23)
FNDA:4,(anonymous_25)
FNDA:2,(anonymous_27)
FNDA:2,(anonymous_29)
FNDA:2,(anonymous_31)
FNDA:2,(anonymous_33)
FNDA:3,(anonymous_35)
FNDA:2,(anonymous_37)
FNDA:3,(anonymous_39)
FNDA:2,(anonymous_41)
FNDA:2,(anonymous_43)
FNDA:3,(anonymous_45)
DA:1,1
DA:163,2
DA:164,2
DA:167,1
DA:169,1
DA:170,1
DA:175,1
DA:176,1
DA:180,1
DA:182,0
DA:183,0
DA:188,1
DA:189,1
DA:193,1
DA:195,0
DA:196,0
DA:201,1
DA:202,1
DA:204,0
DA:205,0
DA:218,3
DA:219,3
DA:220,3
DA:221,3
DA:222,3
DA:224,3
DA:227,3
DA:229,0
DA:230,0
DA:235,1
DA:236,1
DA:239,1
DA:241,0
DA:242,0
DA:247,1
DA:248,1
DA:252,1
DA:254,0
DA:255,0
DA:260,1
DA:261,1
DA:265,1
DA:267,0
DA:268,0
DA:273,1
DA:274,1
DA:276,0
DA:277,0
DA:293,4
DA:294,4
DA:295,4
DA:296,4
DA:297,4
DA:299,4
DA:302,3
DA:304,1
DA:305,1
DA:310,2
DA:311,2
DA:314,1
DA:316,1
DA:317,1
DA:326,2
DA:327,2
DA:331,1
DA:333,1
DA:334,1
DA:343,2
DA:344,2
DA:348,1
DA:350,1
DA:351,1
DA:360,2
DA:361,2
DA:365,1
DA:367,1
DA:368,1
DA:381,3
DA:382,3
DA:383,3
DA:384,3
DA:385,3
DA:386,3
DA:388,3
DA:391,2
DA:393,1
DA:394,1
DA:403,2
DA:404,2
DA:408,1
DA:410,1
DA:411,1
DA:426,3
DA:427,3
DA:428,3
DA:429,3
DA:430,3
DA:431,3
DA:432,3
DA:433,3
DA:435,3
DA:438,2
DA:440,1
DA:441,1
DA:446,2
DA:447,2
DA:450,1
DA:452,1
DA:453,1
DA:458,2
DA:459,2
DA:461,1
DA:462,1
DA:473,3
DA:474,3
DA:475,3
DA:476,3
DA:478,3
DA:481,2
DA:483,1
DA:484,1
DA:489,1
LF:122
LH:106
BRDA:220,0,0,1
BRDA:220,1,0,1
BRDA:220,1,1,2
BRDA:220,2,0,3
BRDA:220,2,1,3
BRDA:221,3,0,1
BRDA:221,4,0,1
BRDA:221,4,1,2
BRDA:221,5,0,3
BRDA:221,5,1,3
BRDA:222,6,0,1
BRDA:222,7,0,1
BRDA:222,7,1,2
BRDA:222,8,0,3
BRDA:222,8,1,3
BRDA:295,9,0,1
BRDA:295,10,0,2
BRDA:295,10,1,2
BRDA:295,11,0,4
BRDA:295,11,1,4
BRDA:296,12,0,1
BRDA:296,13,0,2
BRDA:296,13,1,2
BRDA:296,14,0,4
BRDA:296,14,1,4
BRDA:297,15,0,1
BRDA:297,16,0,2
BRDA:297,16,1,2
BRDA:297,17,0,4
BRDA:297,17,1,4
BRDA:383,18,0,1
BRDA:383,19,0,2
BRDA:383,19,1,1
BRDA:383,20,0,3
BRDA:383,20,1,3
BRDA:384,21,0,1
BRDA:384,22,0,2
BRDA:384,22,1,1
BRDA:384,23,0,3
BRDA:384,23,1,3
BRDA:385,24,0,1
BRDA:385,25,0,2
BRDA:385,25,1,1
BRDA:385,26,0,3
BRDA:385,26,1,3
BRDA:386,27,0,1
BRDA:386,28,0,2
BRDA:386,28,1,1
BRDA:386,29,0,3
BRDA:386,29,1,3
BRDA:428,30,0,1
BRDA:428,31,0,2
BRDA:428,31,1,1
BRDA:428,32,0,3
BRDA:428,32,1,3
BRDA:429,33,0,1
BRDA:429,34,0,2
BRDA:429,34,1,1
BRDA:429,35,0,3
BRDA:429,35,1,3
BRDA:430,36,0,1
BRDA:430,37,0,2
BRDA:430,37,1,1
BRDA:430,38,0,3
BRDA:430,38,1,3
BRDA:431,39,0,1
BRDA:431,40,0,2
BRDA:431,40,1,1
BRDA:431,41,0,3
BRDA:431,41,1,3
BRDA:432,42,0,1
BRDA:432,43,0,2
BRDA:432,43,1,1
BRDA:432,44,0,3
BRDA:432,44,1,3
BRDA:433,45,0,1
BRDA:433,46,0,2
BRDA:433,46,1,1
BRDA:433,47,0,3
BRDA:433,47,1,3
BRDA:475,48,0,1
BRDA:475,49,0,2
BRDA:475,49,1,1
BRDA:475,50,0,3
BRDA:475,50,1,3
BRDA:476,51,0,1
BRDA:476,52,0,2
BRDA:476,52,1,1
BRDA:476,53,0,3
BRDA:476,53,1,3
BRF:90
BRH:90
end_of_record
TN:
SF:src\utils\pwa.ts
FN:2,(anonymous_0)
FN:4,(anonymous_1)
FN:6,(anonymous_2)
FN:8,(anonymous_3)
FN:11,(anonymous_4)
FN:23,(anonymous_5)
FNF:6
FNH:0
FNDA:0,(anonymous_0)
FNDA:0,(anonymous_1)
FNDA:0,(anonymous_2)
FNDA:0,(anonymous_3)
FNDA:0,(anonymous_4)
FNDA:0,(anonymous_5)
DA:2,0
DA:3,0
DA:4,0
DA:5,0
DA:8,0
DA:9,0
DA:10,0
DA:11,0
DA:12,0
DA:14,0
DA:15,0
DA:16,0
DA:24,0
LF:13
LH:0
BRDA:3,0,0,0
BRDA:10,1,0,0
BRDA:12,2,0,0
BRDA:12,3,0,0
BRDA:12,3,1,0
BRDA:14,4,0,0
BRF:6
BRH:0
end_of_record
TN:
SF:src\utils\qrCodeScanner.ts
FN:5,(anonymous_7)
FN:5,(anonymous_8)
FN:7,(anonymous_9)
FN:8,(anonymous_10)
FN:15,(anonymous_11)
FNF:5
FNH:0
FNDA:0,(anonymous_7)
FNDA:0,(anonymous_8)
FNDA:0,(anonymous_9)
FNDA:0,(anonymous_10)
FNDA:0,(anonymous_11)
DA:5,0
DA:7,0
DA:8,0
DA:10,0
DA:15,0
DA:18,0
DA:19,0
DA:23,0
DA:24,0
LF:9
LH:0
BRF:0
BRH:0
end_of_record
